
[WARN] [3]
[09:23:12,885] [2018-03-15 09:23:12,885]
2016-11 : 第1页/共147页 成功下载 20 条生产企业信息.【1】

[WARN] [3]
[09:23:13,416] [2018-03-15 09:23:13,416]
2016-11 : 第2页/共147页 成功下载 20 条生产企业信息.【1】

[WARN] [3]
[09:23:13,822] [2018-03-15 09:23:13,822]
2016-11 : 第3页/共147页 成功下载 20 条生产企业信息.【1】

[WARN] [3]
[09:23:14,244] [2018-03-15 09:23:14,244]
2016-11 : 第4页/共147页 成功下载 20 条生产企业信息.【1】

[WARN] [3]
[09:23:14,666] [2018-03-15 09:23:14,666]
2016-11 : 第5页/共147页 成功下载 20 条生产企业信息.【1】

[WARN] [3]
[09:23:15,088] [2018-03-15 09:23:15,088]
2016-11 : 第6页/共147页 成功下载 20 条生产企业信息.【1】

[WARN] [3]
[09:23:15,510] [2018-03-15 09:23:15,510]
2016-11 : 第7页/共147页 成功下载 20 条生产企业信息.【1】

[WARN] [3]
[09:23:15,932] [2018-03-15 09:23:15,932]
2016-11 : 第8页/共147页 成功下载 20 条生产企业信息.【1】

[WARN] [3]
[09:23:16,383] [2018-03-15 09:23:16,383]
2016-11 : 第9页/共147页 成功下载 20 条生产企业信息.【1】

[WARN] [3]
[09:23:16,805] [2018-03-15 09:23:16,805]
2016-11 : 第10页/共147页 成功下载 20 条生产企业信息.【1】

[WARN] [3]
[09:23:17,258] [2018-03-15 09:23:17,258]
2016-11 : 第11页/共147页 成功下载 20 条生产企业信息.【1】

[WARN] [3]
[09:23:17,711] [2018-03-15 09:23:17,711]
2016-11 : 第12页/共147页 成功下载 20 条生产企业信息.【1】

[WARN] [3]
[09:23:18,180] [2018-03-15 09:23:18,180]
2016-11 : 第13页/共147页 成功下载 20 条生产企业信息.【1】

[WARN] [3]
[09:23:18,664] [2018-03-15 09:23:18,664]
2016-11 : 第14页/共147页 成功下载 20 条生产企业信息.【1】

[WARN] [3]
[09:23:19,102] [2018-03-15 09:23:19,102]
2016-11 : 第15页/共147页 成功下载 20 条生产企业信息.【1】

[WARN] [3]
[09:23:19,539] [2018-03-15 09:23:19,539]
2016-11 : 第16页/共147页 成功下载 20 条生产企业信息.【1】

[WARN] [3]
[09:23:19,945] [2018-03-15 09:23:19,945]
2016-11 : 第17页/共147页 成功下载 20 条生产企业信息.【1】

[WARN] [3]
[09:23:20,367] [2018-03-15 09:23:20,367]
2016-11 : 第18页/共147页 成功下载 20 条生产企业信息.【1】

[WARN] [3]
[09:23:20,789] [2018-03-15 09:23:20,789]
2016-11 : 第19页/共147页 成功下载 20 条生产企业信息.【1】

[WARN] [3]
[09:23:21,227] [2018-03-15 09:23:21,227]
2016-11 : 第20页/共147页 成功下载 20 条生产企业信息.【1】

[WARN] [3]
[09:23:21,664] [2018-03-15 09:23:21,664]
2016-11 : 第21页/共147页 成功下载 20 条生产企业信息.【1】

[WARN] [3]
[09:23:22,102] [2018-03-15 09:23:22,102]
2016-11 : 第22页/共147页 成功下载 20 条生产企业信息.【1】

[WARN] [3]
[09:23:22,539] [2018-03-15 09:23:22,539]
2016-11 : 第23页/共147页 成功下载 20 条生产企业信息.【1】

[WARN] [3]
[09:23:22,961] [2018-03-15 09:23:22,961]
2016-11 : 第24页/共147页 成功下载 20 条生产企业信息.【1】

[WARN] [3]
[09:23:23,399] [2018-03-15 09:23:23,399]
2016-11 : 第25页/共147页 成功下载 20 条生产企业信息.【1】

[WARN] [3]
[09:23:23,821] [2018-03-15 09:23:23,821]
2016-11 : 第26页/共147页 成功下载 20 条生产企业信息.【1】

[WARN] [3]
[09:23:24,289] [2018-03-15 09:23:24,289]
2016-11 : 第27页/共147页 成功下载 20 条生产企业信息.【1】

[WARN] [3]
[09:23:24,758] [2018-03-15 09:23:24,758]
2016-11 : 第28页/共147页 成功下载 20 条生产企业信息.【1】

[WARN] [3]
[09:23:25,211] [2018-03-15 09:23:25,211]
2016-11 : 第29页/共147页 成功下载 20 条生产企业信息.【1】

[WARN] [3]
[09:23:25,711] [2018-03-15 09:23:25,711]
2016-11 : 第30页/共147页 成功下载 20 条生产企业信息.【1】

[WARN] [3]
[09:23:26,164] [2018-03-15 09:23:26,164]
2016-11 : 第31页/共147页 成功下载 20 条生产企业信息.【1】

[WARN] [3]
[09:23:26,618] [2018-03-15 09:23:26,618]
2016-11 : 第32页/共147页 成功下载 20 条生产企业信息.【1】

[WARN] [3]
[09:23:27,024] [2018-03-15 09:23:27,024]
2016-11 : 第33页/共147页 成功下载 20 条生产企业信息.【1】

[WARN] [3]
[09:23:27,446] [2018-03-15 09:23:27,446]
2016-11 : 第34页/共147页 成功下载 20 条生产企业信息.【1】

[WARN] [3]
[09:23:27,899] [2018-03-15 09:23:27,899]
2016-11 : 第35页/共147页 成功下载 20 条生产企业信息.【1】

[WARN] [3]
[09:23:28,321] [2018-03-15 09:23:28,321]
2016-11 : 第36页/共147页 成功下载 20 条生产企业信息.【1】

[WARN] [3]
[09:23:28,758] [2018-03-15 09:23:28,758]
2016-11 : 第37页/共147页 成功下载 20 条生产企业信息.【1】

[WARN] [3]
[09:23:29,211] [2018-03-15 09:23:29,211]
2016-11 : 第38页/共147页 成功下载 20 条生产企业信息.【1】

[WARN] [3]
[09:23:29,633] [2018-03-15 09:23:29,633]
2016-11 : 第39页/共147页 成功下载 20 条生产企业信息.【1】

[WARN] [3]
[09:23:30,071] [2018-03-15 09:23:30,071]
2016-11 : 第40页/共147页 成功下载 20 条生产企业信息.【1】

[WARN] [3]
[09:23:30,508] [2018-03-15 09:23:30,508]
2016-11 : 第41页/共147页 成功下载 20 条生产企业信息.【1】

[WARN] [3]
[09:23:30,915] [2018-03-15 09:23:30,915]
2016-11 : 第42页/共147页 成功下载 20 条生产企业信息.【1】

[WARN] [3]
[09:23:31,352] [2018-03-15 09:23:31,352]
2016-11 : 第43页/共147页 成功下载 20 条生产企业信息.【1】

[WARN] [3]
[09:23:31,790] [2018-03-15 09:23:31,790]
2016-11 : 第44页/共147页 成功下载 20 条生产企业信息.【1】

[WARN] [3]
[09:23:32,243] [2018-03-15 09:23:32,243]
2016-11 : 第45页/共147页 成功下载 20 条生产企业信息.【1】

[WARN] [3]
[09:23:32,696] [2018-03-15 09:23:32,696]
2016-11 : 第46页/共147页 成功下载 20 条生产企业信息.【1】

[WARN] [3]
[09:23:33,134] [2018-03-15 09:23:33,134]
2016-11 : 第47页/共147页 成功下载 20 条生产企业信息.【1】

[WARN] [3]
[09:23:33,571] [2018-03-15 09:23:33,571]
2016-11 : 第48页/共147页 成功下载 20 条生产企业信息.【1】

[WARN] [3]
[09:23:34,009] [2018-03-15 09:23:34,009]
2016-11 : 第49页/共147页 成功下载 20 条生产企业信息.【1】

[WARN] [3]
[09:23:34,446] [2018-03-15 09:23:34,446]
2016-11 : 第50页/共147页 成功下载 20 条生产企业信息.【1】

[WARN] [3]
[09:23:34,899] [2018-03-15 09:23:34,899]
2016-11 : 第51页/共147页 成功下载 20 条生产企业信息.【1】

[WARN] [3]
[09:23:35,337] [2018-03-15 09:23:35,337]
2016-11 : 第52页/共147页 成功下载 20 条生产企业信息.【1】

[WARN] [3]
[09:23:35,790] [2018-03-15 09:23:35,790]
2016-11 : 第53页/共147页 成功下载 20 条生产企业信息.【1】

[WARN] [3]
[09:23:36,196] [2018-03-15 09:23:36,196]
2016-11 : 第54页/共147页 成功下载 20 条生产企业信息.【1】

[WARN] [3]
[09:23:36,618] [2018-03-15 09:23:36,618]
2016-11 : 第55页/共147页 成功下载 20 条生产企业信息.【1】

[WARN] [3]
[09:23:37,024] [2018-03-15 09:23:37,024]
2016-11 : 第56页/共147页 成功下载 20 条生产企业信息.【1】

[WARN] [3]
[09:23:37,446] [2018-03-15 09:23:37,446]
2016-11 : 第57页/共147页 成功下载 20 条生产企业信息.【1】

[WARN] [3]
[09:23:37,884] [2018-03-15 09:23:37,884]
2016-11 : 第58页/共147页 成功下载 20 条生产企业信息.【1】

[WARN] [3]
[09:23:38,290] [2018-03-15 09:23:38,290]
2016-11 : 第59页/共147页 成功下载 20 条生产企业信息.【1】

[WARN] [3]
[09:23:38,743] [2018-03-15 09:23:38,743]
2016-11 : 第60页/共147页 成功下载 20 条生产企业信息.【1】

[WARN] [3]
[09:23:39,196] [2018-03-15 09:23:39,196]
2016-11 : 第61页/共147页 成功下载 20 条生产企业信息.【1】

[WARN] [3]
[09:23:39,634] [2018-03-15 09:23:39,634]
2016-11 : 第62页/共147页 成功下载 20 条生产企业信息.【1】

[WARN] [3]
[09:23:40,087] [2018-03-15 09:23:40,087]
2016-11 : 第63页/共147页 成功下载 20 条生产企业信息.【1】

[WARN] [3]
[09:23:40,509] [2018-03-15 09:23:40,509]
2016-11 : 第64页/共147页 成功下载 20 条生产企业信息.【1】

[WARN] [3]
[09:23:40,915] [2018-03-15 09:23:40,915]
2016-11 : 第65页/共147页 成功下载 20 条生产企业信息.【1】

[WARN] [3]
[09:23:41,330] [2018-03-15 09:23:41,330]
2016-11 : 第66页/共147页 成功下载 20 条生产企业信息.【1】

[WARN] [3]
[09:23:41,767] [2018-03-15 09:23:41,752]
2016-11 : 第67页/共147页 成功下载 20 条生产企业信息.【1】

[WARN] [3]
[09:23:42,220] [2018-03-15 09:23:42,220]
2016-11 : 第68页/共147页 成功下载 20 条生产企业信息.【1】

[WARN] [3]
[09:23:42,673] [2018-03-15 09:23:42,673]
2016-11 : 第69页/共147页 成功下载 20 条生产企业信息.【1】

[WARN] [3]
[09:23:43,111] [2018-03-15 09:23:43,111]
2016-11 : 第70页/共147页 成功下载 20 条生产企业信息.【1】

[WARN] [3]
[09:23:43,533] [2018-03-15 09:23:43,533]
2016-11 : 第71页/共147页 成功下载 20 条生产企业信息.【1】

[WARN] [3]
[09:23:43,986] [2018-03-15 09:23:43,986]
2016-11 : 第72页/共147页 成功下载 20 条生产企业信息.【1】

[WARN] [3]
[09:23:44,424] [2018-03-15 09:23:44,424]
2016-11 : 第73页/共147页 成功下载 20 条生产企业信息.【1】

[WARN] [3]
[09:23:44,861] [2018-03-15 09:23:44,861]
2016-11 : 第74页/共147页 成功下载 20 条生产企业信息.【1】

[WARN] [3]
[09:23:45,314] [2018-03-15 09:23:45,314]
2016-11 : 第75页/共147页 成功下载 20 条生产企业信息.【1】

[WARN] [3]
[09:23:45,736] [2018-03-15 09:23:45,736]
2016-11 : 第76页/共147页 成功下载 20 条生产企业信息.【1】

[WARN] [3]
[09:23:46,174] [2018-03-15 09:23:46,174]
2016-11 : 第77页/共147页 成功下载 20 条生产企业信息.【1】

[WARN] [3]
[09:23:46,611] [2018-03-15 09:23:46,611]
2016-11 : 第78页/共147页 成功下载 20 条生产企业信息.【1】

[WARN] [3]
[09:23:47,033] [2018-03-15 09:23:47,033]
2016-11 : 第79页/共147页 成功下载 20 条生产企业信息.【1】

[WARN] [3]
[09:23:47,486] [2018-03-15 09:23:47,486]
2016-11 : 第80页/共147页 成功下载 20 条生产企业信息.【1】

[WARN] [3]
[09:23:47,955] [2018-03-15 09:23:47,955]
2016-11 : 第81页/共147页 成功下载 20 条生产企业信息.【1】

[WARN] [3]
[09:23:48,549] [2018-03-15 09:23:48,549]
2016-11 : 第82页/共147页 成功下载 20 条生产企业信息.【1】

[WARN] [3]
[09:23:48,986] [2018-03-15 09:23:48,986]
2016-11 : 第83页/共147页 成功下载 20 条生产企业信息.【1】

[WARN] [3]
[09:23:49,408] [2018-03-15 09:23:49,408]
2016-11 : 第84页/共147页 成功下载 20 条生产企业信息.【1】

[WARN] [3]
[09:23:49,846] [2018-03-15 09:23:49,846]
2016-11 : 第85页/共147页 成功下载 20 条生产企业信息.【1】

[WARN] [3]
[09:23:50,268] [2018-03-15 09:23:50,268]
2016-11 : 第86页/共147页 成功下载 20 条生产企业信息.【1】

[WARN] [3]
[09:23:50,736] [2018-03-15 09:23:50,736]
2016-11 : 第87页/共147页 成功下载 20 条生产企业信息.【1】

[WARN] [3]
[09:23:51,205] [2018-03-15 09:23:51,205]
2016-11 : 第88页/共147页 成功下载 20 条生产企业信息.【1】

[WARN] [3]
[09:23:51,611] [2018-03-15 09:23:51,611]
2016-11 : 第89页/共147页 成功下载 20 条生产企业信息.【1】

[WARN] [3]
[09:23:52,033] [2018-03-15 09:23:52,033]
2016-11 : 第90页/共147页 成功下载 20 条生产企业信息.【1】

[WARN] [3]
[09:23:52,471] [2018-03-15 09:23:52,471]
2016-11 : 第91页/共147页 成功下载 20 条生产企业信息.【1】

[WARN] [3]
[09:23:52,924] [2018-03-15 09:23:52,924]
2016-11 : 第92页/共147页 成功下载 20 条生产企业信息.【1】

[WARN] [3]
[09:23:53,393] [2018-03-15 09:23:53,393]
2016-11 : 第93页/共147页 成功下载 20 条生产企业信息.【1】

[WARN] [3]
[09:23:53,846] [2018-03-15 09:23:53,846]
2016-11 : 第94页/共147页 成功下载 20 条生产企业信息.【1】

[WARN] [3]
[09:23:54,283] [2018-03-15 09:23:54,283]
2016-11 : 第95页/共147页 成功下载 20 条生产企业信息.【1】

[WARN] [3]
[09:23:54,752] [2018-03-15 09:23:54,752]
2016-11 : 第96页/共147页 成功下载 20 条生产企业信息.【1】

[WARN] [3]
[09:23:55,190] [2018-03-15 09:23:55,190]
2016-11 : 第97页/共147页 成功下载 20 条生产企业信息.【1】

[WARN] [3]
[09:23:55,627] [2018-03-15 09:23:55,627]
2016-11 : 第98页/共147页 成功下载 20 条生产企业信息.【1】

[WARN] [3]
[09:23:56,049] [2018-03-15 09:23:56,049]
2016-11 : 第99页/共147页 成功下载 20 条生产企业信息.【1】

[WARN] [3]
[09:23:56,487] [2018-03-15 09:23:56,487]
2016-11 : 第100页/共147页 成功下载 20 条生产企业信息.【1】

[WARN] [3]
[09:23:56,955] [2018-03-15 09:23:56,955]
2016-11 : 第101页/共147页 成功下载 20 条生产企业信息.【1】

[WARN] [3]
[09:23:57,409] [2018-03-15 09:23:57,409]
2016-11 : 第102页/共147页 成功下载 20 条生产企业信息.【1】

[WARN] [3]
[09:23:57,842] [2018-03-15 09:23:57,842]
2016-11 : 第103页/共147页 成功下载 20 条生产企业信息.【1】

[WARN] [3]
[09:23:58,276] [2018-03-15 09:23:58,276]
2016-11 : 第104页/共147页 成功下载 20 条生产企业信息.【1】

[WARN] [3]
[09:23:58,729] [2018-03-15 09:23:58,729]
2016-11 : 第105页/共147页 成功下载 20 条生产企业信息.【1】

[WARN] [3]
[09:23:59,198] [2018-03-15 09:23:59,198]
2016-11 : 第106页/共147页 成功下载 20 条生产企业信息.【1】

[WARN] [3]
[09:23:59,635] [2018-03-15 09:23:59,635]
2016-11 : 第107页/共147页 成功下载 20 条生产企业信息.【1】

[WARN] [3]
[09:24:00,088] [2018-03-15 09:24:00,088]
2016-11 : 第108页/共147页 成功下载 20 条生产企业信息.【1】

[WARN] [3]
[09:24:00,573] [2018-03-15 09:24:00,573]
2016-11 : 第109页/共147页 成功下载 20 条生产企业信息.【1】

[WARN] [3]
[09:24:01,010] [2018-03-15 09:24:01,010]
2016-11 : 第110页/共147页 成功下载 20 条生产企业信息.【1】

[WARN] [3]
[09:24:01,463] [2018-03-15 09:24:01,463]
2016-11 : 第111页/共147页 成功下载 20 条生产企业信息.【1】

[WARN] [3]
[09:24:01,916] [2018-03-15 09:24:01,916]
2016-11 : 第112页/共147页 成功下载 20 条生产企业信息.【1】

[WARN] [3]
[09:24:02,385] [2018-03-15 09:24:02,385]
2016-11 : 第113页/共147页 成功下载 20 条生产企业信息.【1】

[WARN] [3]
[09:24:02,838] [2018-03-15 09:24:02,838]
2016-11 : 第114页/共147页 成功下载 20 条生产企业信息.【1】

[WARN] [3]
[09:24:03,276] [2018-03-15 09:24:03,276]
2016-11 : 第115页/共147页 成功下载 20 条生产企业信息.【1】

[WARN] [3]
[09:24:03,745] [2018-03-15 09:24:03,745]
2016-11 : 第116页/共147页 成功下载 20 条生产企业信息.【1】

[WARN] [3]
[09:24:04,229] [2018-03-15 09:24:04,229]
2016-11 : 第117页/共147页 成功下载 20 条生产企业信息.【1】

[WARN] [3]
[09:24:04,682] [2018-03-15 09:24:04,682]
2016-11 : 第118页/共147页 成功下载 20 条生产企业信息.【1】

[WARN] [3]
[09:24:05,120] [2018-03-15 09:24:05,120]
2016-11 : 第119页/共147页 成功下载 20 条生产企业信息.【1】

[WARN] [3]
[09:24:05,557] [2018-03-15 09:24:05,557]
2016-11 : 第120页/共147页 成功下载 20 条生产企业信息.【1】

[WARN] [3]
[09:24:06,026] [2018-03-15 09:24:06,010]
2016-11 : 第121页/共147页 成功下载 20 条生产企业信息.【1】

[WARN] [3]
[09:24:06,510] [2018-03-15 09:24:06,510]
2016-11 : 第122页/共147页 成功下载 20 条生产企业信息.【1】

[WARN] [3]
[09:24:06,948] [2018-03-15 09:24:06,948]
2016-11 : 第123页/共147页 成功下载 20 条生产企业信息.【1】

[WARN] [3]
[09:24:07,385] [2018-03-15 09:24:07,385]
2016-11 : 第124页/共147页 成功下载 20 条生产企业信息.【1】

[WARN] [3]
[09:24:07,807] [2018-03-15 09:24:07,807]
2016-11 : 第125页/共147页 成功下载 20 条生产企业信息.【1】

[WARN] [3]
[09:24:08,276] [2018-03-15 09:24:08,276]
2016-11 : 第126页/共147页 成功下载 20 条生产企业信息.【1】

[WARN] [3]
[09:24:08,776] [2018-03-15 09:24:08,776]
2016-11 : 第127页/共147页 成功下载 20 条生产企业信息.【1】

[WARN] [3]
[09:24:09,229] [2018-03-15 09:24:09,229]
2016-11 : 第128页/共147页 成功下载 20 条生产企业信息.【1】

[WARN] [3]
[09:24:09,698] [2018-03-15 09:24:09,698]
2016-11 : 第129页/共147页 成功下载 20 条生产企业信息.【1】

[WARN] [3]
[09:24:10,151] [2018-03-15 09:24:10,151]
2016-11 : 第130页/共147页 成功下载 20 条生产企业信息.【1】

[WARN] [3]
[09:24:10,620] [2018-03-15 09:24:10,620]
2016-11 : 第131页/共147页 成功下载 20 条生产企业信息.【1】

[WARN] [3]
[09:24:11,057] [2018-03-15 09:24:11,057]
2016-11 : 第132页/共147页 成功下载 20 条生产企业信息.【1】

[WARN] [3]
[09:24:11,495] [2018-03-15 09:24:11,495]
2016-11 : 第133页/共147页 成功下载 20 条生产企业信息.【1】

[WARN] [3]
[09:24:11,962] [2018-03-15 09:24:11,962]
2016-11 : 第134页/共147页 成功下载 20 条生产企业信息.【1】

[WARN] [3]
[09:24:12,431] [2018-03-15 09:24:12,431]
2016-11 : 第135页/共147页 成功下载 20 条生产企业信息.【1】

[WARN] [3]
[09:24:12,884] [2018-03-15 09:24:12,884]
2016-11 : 第136页/共147页 成功下载 20 条生产企业信息.【1】

[WARN] [3]
[09:24:13,337] [2018-03-15 09:24:13,337]
2016-11 : 第137页/共147页 成功下载 20 条生产企业信息.【1】

[WARN] [3]
[09:24:13,821] [2018-03-15 09:24:13,821]
2016-11 : 第138页/共147页 成功下载 20 条生产企业信息.【1】

[WARN] [3]
[09:24:14,306] [2018-03-15 09:24:14,306]
2016-11 : 第139页/共147页 成功下载 20 条生产企业信息.【1】

[WARN] [3]
[09:24:14,775] [2018-03-15 09:24:14,775]
2016-11 : 第140页/共147页 成功下载 20 条生产企业信息.【1】

[WARN] [3]
[09:24:15,259] [2018-03-15 09:24:15,259]
2016-11 : 第141页/共147页 成功下载 20 条生产企业信息.【1】

[WARN] [3]
[09:24:15,712] [2018-03-15 09:24:15,712]
2016-11 : 第142页/共147页 成功下载 20 条生产企业信息.【1】

[WARN] [3]
[09:24:16,165] [2018-03-15 09:24:16,165]
2016-11 : 第143页/共147页 成功下载 20 条生产企业信息.【1】

[WARN] [3]
[09:24:16,650] [2018-03-15 09:24:16,650]
2016-11 : 第144页/共147页 成功下载 20 条生产企业信息.【1】

[WARN] [3]
[09:24:17,118] [2018-03-15 09:24:17,118]
2016-11 : 第145页/共147页 成功下载 20 条生产企业信息.【1】

[WARN] [3]
[09:24:17,603] [2018-03-15 09:24:17,603]
2016-11 : 第146页/共147页 成功下载 20 条生产企业信息.【1】

[WARN] [3]
[09:24:18,212] [2018-03-15 09:24:18,212]
2016-11 : 第147页/共147页 成功下载 11 条生产企业信息.【1】

[WARN] [3]
[09:24:19,072] [2018-03-15 09:24:19,072]
2016-12 : 第1页/共4页 成功下载 20 条生产企业信息.【1】

[WARN] [3]
[09:24:19,431] [2018-03-15 09:24:19,431]
2016-12 : 第2页/共4页 成功下载 20 条生产企业信息.【1】

[WARN] [3]
[09:24:19,775] [2018-03-15 09:24:19,775]
2016-12 : 第3页/共4页 成功下载 20 条生产企业信息.【1】

[WARN] [3]
[09:24:20,150] [2018-03-15 09:24:20,150]
2016-12 : 第4页/共4页 成功下载 13 条生产企业信息.【1】

[WARN] [3]
[09:24:20,728] [2018-03-15 09:24:20,728]
2017-01 : 第1页/共3页 成功下载 20 条生产企业信息.【1】

[WARN] [3]
[09:24:21,072] [2018-03-15 09:24:21,072]
2017-01 : 第2页/共3页 成功下载 20 条生产企业信息.【1】

[WARN] [3]
[09:24:21,384] [2018-03-15 09:24:21,384]
2017-01 : 第3页/共3页 成功下载 14 条生产企业信息.【1】

[WARN] [3]
[09:24:21,962] [2018-03-15 09:24:21,962]
2017-02 : 第1页/共2页 成功下载 20 条生产企业信息.【1】

[WARN] [3]
[09:24:22,275] [2018-03-15 09:24:22,275]
2017-02 : 第2页/共2页 成功下载 18 条生产企业信息.【1】

[WARN] [3]
[09:24:22,869] [2018-03-15 09:24:22,869]
2017-03 : 第1页/共4页 成功下载 20 条生产企业信息.【1】

[WARN] [3]
[09:24:23,181] [2018-03-15 09:24:23,181]
2017-03 : 第2页/共4页 成功下载 20 条生产企业信息.【1】

[WARN] [3]
[09:24:23,509] [2018-03-15 09:24:23,509]
2017-03 : 第3页/共4页 成功下载 20 条生产企业信息.【1】

[WARN] [3]
[09:24:23,791] [2018-03-15 09:24:23,791]
2017-03 : 第4页/共4页 成功下载 2 条生产企业信息.【1】

[WARN] [3]
[09:24:24,369] [2018-03-15 09:24:24,369]
2017-04 : 第1页/共3页 成功下载 20 条生产企业信息.【1】

[WARN] [3]
[09:24:24,681] [2018-03-15 09:24:24,681]
2017-04 : 第2页/共3页 成功下载 20 条生产企业信息.【1】

[WARN] [3]
[09:24:24,962] [2018-03-15 09:24:24,962]
2017-04 : 第3页/共3页 成功下载 7 条生产企业信息.【1】

[WARN] [3]
[09:24:25,525] [2018-03-15 09:24:25,525]
2017-05 : 第1页/共2页 成功下载 20 条生产企业信息.【1】

[WARN] [3]
[09:24:25,838] [2018-03-15 09:24:25,838]
2017-05 : 第2页/共2页 成功下载 16 条生产企业信息.【1】

[WARN] [3]
[09:24:26,416] [2018-03-15 09:24:26,416]
2017-06 : 第1页/共3页 成功下载 20 条生产企业信息.【1】

[WARN] [3]
[09:24:26,744] [2018-03-15 09:24:26,744]
2017-06 : 第2页/共3页 成功下载 20 条生产企业信息.【1】

[WARN] [3]
[09:24:27,025] [2018-03-15 09:24:27,025]
2017-06 : 第3页/共3页 成功下载 6 条生产企业信息.【1】

[WARN] [3]
[09:24:27,603] [2018-03-15 09:24:27,603]
2017-07 : 第1页/共8页 成功下载 20 条生产企业信息.【1】

[WARN] [3]
[09:24:27,931] [2018-03-15 09:24:27,931]
2017-07 : 第2页/共8页 成功下载 20 条生产企业信息.【1】

[WARN] [3]
[09:24:28,260] [2018-03-15 09:24:28,260]
2017-07 : 第3页/共8页 成功下载 20 条生产企业信息.【1】

[WARN] [3]
[09:24:28,619] [2018-03-15 09:24:28,619]
2017-07 : 第4页/共8页 成功下载 20 条生产企业信息.【1】

[WARN] [3]
[09:24:28,963] [2018-03-15 09:24:28,963]
2017-07 : 第5页/共8页 成功下载 20 条生产企业信息.【1】

[WARN] [3]
[09:24:29,291] [2018-03-15 09:24:29,291]
2017-07 : 第6页/共8页 成功下载 20 条生产企业信息.【1】

[WARN] [3]
[09:24:29,619] [2018-03-15 09:24:29,619]
2017-07 : 第7页/共8页 成功下载 20 条生产企业信息.【1】

[WARN] [3]
[09:24:29,885] [2018-03-15 09:24:29,885]
2017-07 : 第8页/共8页 成功下载 2 条生产企业信息.【1】

[WARN] [3]
[09:24:30,494] [2018-03-15 09:24:30,494]
2017-08 : 第1页/共26页 成功下载 20 条生产企业信息.【1】

[WARN] [3]
[09:24:30,869] [2018-03-15 09:24:30,869]
2017-08 : 第2页/共26页 成功下载 20 条生产企业信息.【1】

[WARN] [3]
[09:24:31,244] [2018-03-15 09:24:31,244]
2017-08 : 第3页/共26页 成功下载 20 条生产企业信息.【1】

[WARN] [3]
[09:24:31,619] [2018-03-15 09:24:31,619]
2017-08 : 第4页/共26页 成功下载 20 条生产企业信息.【1】

[WARN] [3]
[09:24:31,978] [2018-03-15 09:24:31,978]
2017-08 : 第5页/共26页 成功下载 20 条生产企业信息.【1】

[WARN] [3]
[09:24:32,338] [2018-03-15 09:24:32,338]
2017-08 : 第6页/共26页 成功下载 20 条生产企业信息.【1】

[WARN] [3]
[09:24:32,682] [2018-03-15 09:24:32,682]
2017-08 : 第7页/共26页 成功下载 20 条生产企业信息.【1】

[WARN] [3]
[09:24:33,057] [2018-03-15 09:24:33,057]
2017-08 : 第8页/共26页 成功下载 20 条生产企业信息.【1】

[WARN] [3]
[09:24:33,432] [2018-03-15 09:24:33,432]
2017-08 : 第9页/共26页 成功下载 20 条生产企业信息.【1】

[WARN] [3]
[09:24:33,822] [2018-03-15 09:24:33,822]
2017-08 : 第10页/共26页 成功下载 20 条生产企业信息.【1】

[WARN] [3]
[09:24:34,166] [2018-03-15 09:24:34,166]
2017-08 : 第11页/共26页 成功下载 20 条生产企业信息.【1】

[WARN] [3]
[09:24:34,510] [2018-03-15 09:24:34,510]
2017-08 : 第12页/共26页 成功下载 20 条生产企业信息.【1】

[WARN] [3]
[09:24:34,900] [2018-03-15 09:24:34,900]
2017-08 : 第13页/共26页 成功下载 20 条生产企业信息.【1】

[WARN] [3]
[09:24:35,275] [2018-03-15 09:24:35,275]
2017-08 : 第14页/共26页 成功下载 20 条生产企业信息.【1】

[WARN] [3]
[09:24:35,635] [2018-03-15 09:24:35,635]
2017-08 : 第15页/共26页 成功下载 20 条生产企业信息.【1】

[WARN] [3]
[09:24:35,994] [2018-03-15 09:24:35,994]
2017-08 : 第16页/共26页 成功下载 20 条生产企业信息.【1】

[WARN] [3]
[09:24:36,369] [2018-03-15 09:24:36,369]
2017-08 : 第17页/共26页 成功下载 20 条生产企业信息.【1】

[WARN] [3]
[09:24:36,729] [2018-03-15 09:24:36,729]
2017-08 : 第18页/共26页 成功下载 20 条生产企业信息.【1】

[WARN] [3]
[09:24:37,088] [2018-03-15 09:24:37,088]
2017-08 : 第19页/共26页 成功下载 20 条生产企业信息.【1】

[WARN] [3]
[09:24:37,447] [2018-03-15 09:24:37,447]
2017-08 : 第20页/共26页 成功下载 20 条生产企业信息.【1】

[WARN] [3]
[09:24:37,807] [2018-03-15 09:24:37,807]
2017-08 : 第21页/共26页 成功下载 20 条生产企业信息.【1】

[WARN] [3]
[09:24:38,182] [2018-03-15 09:24:38,182]
2017-08 : 第22页/共26页 成功下载 20 条生产企业信息.【1】

[WARN] [3]
[09:24:38,557] [2018-03-15 09:24:38,557]
2017-08 : 第23页/共26页 成功下载 20 条生产企业信息.【1】

[WARN] [3]
[09:24:38,979] [2018-03-15 09:24:38,979]
2017-08 : 第24页/共26页 成功下载 20 条生产企业信息.【1】

[WARN] [3]
[09:24:39,338] [2018-03-15 09:24:39,338]
2017-08 : 第25页/共26页 成功下载 20 条生产企业信息.【1】

[WARN] [3]
[09:24:39,666] [2018-03-15 09:24:39,666]
2017-08 : 第26页/共26页 成功下载 8 条生产企业信息.【1】

[WARN] [3]
[09:24:40,276] [2018-03-15 09:24:40,276]
2017-09 : 第1页/共9页 成功下载 20 条生产企业信息.【1】

[WARN] [3]
[09:24:40,635] [2018-03-15 09:24:40,635]
2017-09 : 第2页/共9页 成功下载 20 条生产企业信息.【1】

[WARN] [3]
[09:24:40,979] [2018-03-15 09:24:40,979]
2017-09 : 第3页/共9页 成功下载 20 条生产企业信息.【1】

[WARN] [3]
[09:24:41,326] [2018-03-15 09:24:41,326]
2017-09 : 第4页/共9页 成功下载 20 条生产企业信息.【1】

[WARN] [3]
[09:24:41,670] [2018-03-15 09:24:41,670]
2017-09 : 第5页/共9页 成功下载 20 条生产企业信息.【1】

[WARN] [3]
[09:24:41,998] [2018-03-15 09:24:41,998]
2017-09 : 第6页/共9页 成功下载 20 条生产企业信息.【1】

[WARN] [3]
[09:24:42,326] [2018-03-15 09:24:42,326]
2017-09 : 第7页/共9页 成功下载 20 条生产企业信息.【1】

[WARN] [3]
[09:24:42,654] [2018-03-15 09:24:42,654]
2017-09 : 第8页/共9页 成功下载 20 条生产企业信息.【1】

[WARN] [3]
[09:24:42,921] [2018-03-15 09:24:42,921]
2017-09 : 第9页/共9页 成功下载 2 条生产企业信息.【1】

[WARN] [3]
[09:24:43,499] [2018-03-15 09:24:43,499]
2017-10 : 第1页/共2页 成功下载 20 条生产企业信息.【1】

[WARN] [3]
[09:24:43,843] [2018-03-15 09:24:43,843]
2017-10 : 第2页/共2页 成功下载 18 条生产企业信息.【1】

[WARN] [3]
[09:24:44,421] [2018-03-15 09:24:44,421]
2017-11 : 第1页/共4页 成功下载 20 条生产企业信息.【1】

[WARN] [3]
[09:24:44,733] [2018-03-15 09:24:44,733]
2017-11 : 第2页/共4页 成功下载 20 条生产企业信息.【1】

[WARN] [3]
[09:24:45,061] [2018-03-15 09:24:45,061]
2017-11 : 第3页/共4页 成功下载 20 条生产企业信息.【1】

[WARN] [3]
[09:24:45,358] [2018-03-15 09:24:45,358]
2017-11 : 第4页/共4页 成功下载 9 条生产企业信息.【1】

[WARN] [3]
[09:24:46,077] [2018-03-15 09:24:46,077]
2018-01 : 第1页/共1页 成功下载 1 条生产企业信息.【1】

[WARN] [3]
[09:24:46,608] [2018-03-15 09:24:46,608]
2018-02 : 第1页/共1页 成功下载 1 条生产企业信息.【1】

[WARN] [3]
[09:25:31,019] [2018-03-15 09:25:31,019]
2016-05 : 第1页/共32页 成功下载 20 条医疗机构信息.【1】

[WARN] [3]
[09:25:32,597] [2018-03-15 09:25:32,597]
2016-05 : 第2页/共32页 成功下载 20 条医疗机构信息.【1】

[WARN] [3]
[09:25:34,207] [2018-03-15 09:25:34,207]
2016-05 : 第3页/共32页 成功下载 20 条医疗机构信息.【1】

[WARN] [3]
[09:25:35,816] [2018-03-15 09:25:35,816]
2016-05 : 第4页/共32页 成功下载 20 条医疗机构信息.【1】

[WARN] [3]
[09:25:37,426] [2018-03-15 09:25:37,426]
2016-05 : 第5页/共32页 成功下载 20 条医疗机构信息.【1】

[WARN] [3]
[09:25:39,051] [2018-03-15 09:25:39,051]
2016-05 : 第6页/共32页 成功下载 20 条医疗机构信息.【1】

[WARN] [3]
[09:25:40,676] [2018-03-15 09:25:40,676]
2016-05 : 第7页/共32页 成功下载 20 条医疗机构信息.【1】

[WARN] [3]
[09:25:42,301] [2018-03-15 09:25:42,301]
2016-05 : 第8页/共32页 成功下载 20 条医疗机构信息.【1】

[WARN] [3]
[09:25:43,895] [2018-03-15 09:25:43,895]
2016-05 : 第9页/共32页 成功下载 20 条医疗机构信息.【1】

[WARN] [3]
[09:25:45,537] [2018-03-15 09:25:45,537]
2016-05 : 第10页/共32页 成功下载 20 条医疗机构信息.【1】

[WARN] [3]
[09:25:47,193] [2018-03-15 09:25:47,193]
2016-05 : 第11页/共32页 成功下载 20 条医疗机构信息.【1】

[WARN] [3]
[09:25:48,850] [2018-03-15 09:25:48,850]
2016-05 : 第12页/共32页 成功下载 20 条医疗机构信息.【1】

[WARN] [3]
[09:25:50,521] [2018-03-15 09:25:50,521]
2016-05 : 第13页/共32页 成功下载 20 条医疗机构信息.【1】

[WARN] [3]
[09:25:52,209] [2018-03-15 09:25:52,209]
2016-05 : 第14页/共32页 成功下载 20 条医疗机构信息.【1】

[WARN] [3]
[09:25:53,881] [2018-03-15 09:25:53,881]
2016-05 : 第15页/共32页 成功下载 20 条医疗机构信息.【1】

[WARN] [3]
[09:25:55,490] [2018-03-15 09:25:55,490]
2016-05 : 第16页/共32页 成功下载 20 条医疗机构信息.【1】

[WARN] [3]
[09:25:57,366] [2018-03-15 09:25:57,366]
2016-05 : 第17页/共32页 成功下载 20 条医疗机构信息.【1】

[WARN] [3]
[09:25:59,022] [2018-03-15 09:25:59,022]
2016-05 : 第18页/共32页 成功下载 20 条医疗机构信息.【1】

[WARN] [3]
[09:26:00,694] [2018-03-15 09:26:00,694]
2016-05 : 第19页/共32页 成功下载 20 条医疗机构信息.【1】

[WARN] [3]
[09:26:02,381] [2018-03-15 09:26:02,381]
2016-05 : 第20页/共32页 成功下载 20 条医疗机构信息.【1】

[WARN] [3]
[09:26:03,991] [2018-03-15 09:26:03,991]
2016-05 : 第21页/共32页 成功下载 20 条医疗机构信息.【1】

[WARN] [3]
[09:26:05,632] [2018-03-15 09:26:05,632]
2016-05 : 第22页/共32页 成功下载 20 条医疗机构信息.【1】

[WARN] [3]
[09:26:07,319] [2018-03-15 09:26:07,319]
2016-05 : 第23页/共32页 成功下载 20 条医疗机构信息.【1】

[WARN] [3]
[09:26:09,038] [2018-03-15 09:26:09,038]
2016-05 : 第24页/共32页 成功下载 20 条医疗机构信息.【1】

[WARN] [3]
[09:26:10,726] [2018-03-15 09:26:10,726]
2016-05 : 第25页/共32页 成功下载 20 条医疗机构信息.【1】

[WARN] [3]
[09:26:12,444] [2018-03-15 09:26:12,444]
2016-05 : 第26页/共32页 成功下载 20 条医疗机构信息.【1】

[WARN] [3]
[09:26:14,163] [2018-03-15 09:26:14,163]
2016-05 : 第27页/共32页 成功下载 20 条医疗机构信息.【1】

[WARN] [3]
[09:26:15,914] [2018-03-15 09:26:15,914]
2016-05 : 第28页/共32页 成功下载 20 条医疗机构信息.【1】

[WARN] [3]
[09:26:17,695] [2018-03-15 09:26:17,695]
2016-05 : 第29页/共32页 成功下载 20 条医疗机构信息.【1】

[WARN] [3]
[09:26:19,648] [2018-03-15 09:26:19,648]
2016-05 : 第30页/共32页 成功下载 20 条医疗机构信息.【1】

[WARN] [3]
[09:26:21,805] [2018-03-15 09:26:21,805]
2016-05 : 第31页/共32页 成功下载 20 条医疗机构信息.【1】

[WARN] [3]
[09:26:24,305] [2018-03-15 09:26:24,305]
2016-05 : 第32页/共32页 成功下载 20 条医疗机构信息.【1】

[WARN] [3]
[09:26:27,867] [2018-03-15 09:26:27,867]
2016-10 : 第1页/共1页 成功下载 2 条医疗机构信息.【1】

[WARN] [3]
[09:26:29,321] [2018-03-15 09:26:29,321]
2016-11 : 第1页/共24页 成功下载 20 条医疗机构信息.【1】

[WARN] [3]
[09:26:30,571] [2018-03-15 09:26:30,571]
2016-11 : 第2页/共24页 成功下载 20 条医疗机构信息.【1】

[WARN] [3]
[09:26:31,805] [2018-03-15 09:26:31,805]
2016-11 : 第3页/共24页 成功下载 20 条医疗机构信息.【1】

[WARN] [3]
[09:26:33,118] [2018-03-15 09:26:33,118]
2016-11 : 第4页/共24页 成功下载 20 条医疗机构信息.【1】

[WARN] [3]
[09:26:34,368] [2018-03-15 09:26:34,368]
2016-11 : 第5页/共24页 成功下载 20 条医疗机构信息.【1】

[WARN] [3]
[09:26:35,633] [2018-03-15 09:26:35,633]
2016-11 : 第6页/共24页 成功下载 20 条医疗机构信息.【1】

[WARN] [3]
[09:26:36,899] [2018-03-15 09:26:36,899]
2016-11 : 第7页/共24页 成功下载 20 条医疗机构信息.【1】

[WARN] [3]
[09:26:38,368] [2018-03-15 09:26:38,368]
2016-11 : 第8页/共24页 成功下载 20 条医疗机构信息.【1】

[WARN] [3]
[09:26:39,681] [2018-03-15 09:26:39,681]
2016-11 : 第9页/共24页 成功下载 20 条医疗机构信息.【1】

[WARN] [3]
[09:26:40,915] [2018-03-15 09:26:40,915]
2016-11 : 第10页/共24页 成功下载 20 条医疗机构信息.【1】

[WARN] [3]
[09:26:42,181] [2018-03-15 09:26:42,181]
2016-11 : 第11页/共24页 成功下载 20 条医疗机构信息.【1】

[WARN] [3]
[09:26:43,415] [2018-03-15 09:26:43,415]
2016-11 : 第12页/共24页 成功下载 20 条医疗机构信息.【1】

[WARN] [3]
[09:26:44,665] [2018-03-15 09:26:44,665]
2016-11 : 第13页/共24页 成功下载 20 条医疗机构信息.【1】

[WARN] [3]
[09:26:45,915] [2018-03-15 09:26:45,915]
2016-11 : 第14页/共24页 成功下载 20 条医疗机构信息.【1】

[WARN] [3]
[09:26:47,196] [2018-03-15 09:26:47,196]
2016-11 : 第15页/共24页 成功下载 20 条医疗机构信息.【1】

[WARN] [3]
[09:26:48,493] [2018-03-15 09:26:48,493]
2016-11 : 第16页/共24页 成功下载 20 条医疗机构信息.【1】

[WARN] [3]
[09:26:49,852] [2018-03-15 09:26:49,852]
2016-11 : 第17页/共24页 成功下载 20 条医疗机构信息.【1】

[WARN] [3]
[09:26:51,165] [2018-03-15 09:26:51,165]
2016-11 : 第18页/共24页 成功下载 20 条医疗机构信息.【1】

[WARN] [3]
[09:26:52,524] [2018-03-15 09:26:52,524]
2016-11 : 第19页/共24页 成功下载 20 条医疗机构信息.【1】

[WARN] [3]
[09:26:53,946] [2018-03-15 09:26:53,946]
2016-11 : 第20页/共24页 成功下载 20 条医疗机构信息.【1】

[WARN] [3]
[09:26:55,337] [2018-03-15 09:26:55,337]
2016-11 : 第21页/共24页 成功下载 20 条医疗机构信息.【1】

[WARN] [3]
[09:26:56,931] [2018-03-15 09:26:56,931]
2016-11 : 第22页/共24页 成功下载 20 条医疗机构信息.【1】

[WARN] [3]
[09:26:58,681] [2018-03-15 09:26:58,681]
2016-11 : 第23页/共24页 成功下载 20 条医疗机构信息.【1】

[WARN] [3]
[09:27:00,462] [2018-03-15 09:27:00,462]
2016-11 : 第24页/共24页 成功下载 5 条医疗机构信息.【1】

[WARN] [3]
[09:27:05,650] [2018-03-15 09:27:05,650]
2016-12 : 第1页/共71页 成功下载 20 条医疗机构信息.【1】

[WARN] [3]
[09:27:09,119] [2018-03-15 09:27:09,119]
2016-12 : 第2页/共71页 成功下载 20 条医疗机构信息.【1】

[WARN] [3]
[09:27:12,900] [2018-03-15 09:27:12,900]
2016-12 : 第3页/共71页 成功下载 20 条医疗机构信息.【1】

[WARN] [3]
[09:27:16,728] [2018-03-15 09:27:16,728]
2016-12 : 第4页/共71页 成功下载 20 条医疗机构信息.【1】

[WARN] [3]
[09:27:20,211] [2018-03-15 09:27:20,211]
2016-12 : 第5页/共71页 成功下载 20 条医疗机构信息.【1】

[WARN] [3]
[09:27:23,664] [2018-03-15 09:27:23,664]
2016-12 : 第6页/共71页 成功下载 20 条医疗机构信息.【1】

[WARN] [3]
[09:27:27,070] [2018-03-15 09:27:27,070]
2016-12 : 第7页/共71页 成功下载 20 条医疗机构信息.【1】

[WARN] [3]
[09:27:30,539] [2018-03-15 09:27:30,539]
2016-12 : 第8页/共71页 成功下载 20 条医疗机构信息.【1】

[WARN] [3]
[09:27:33,961] [2018-03-15 09:27:33,961]
2016-12 : 第9页/共71页 成功下载 20 条医疗机构信息.【1】

[WARN] [3]
[09:27:37,540] [2018-03-15 09:27:37,540]
2016-12 : 第10页/共71页 成功下载 20 条医疗机构信息.【1】

[WARN] [3]
[09:27:41,080] [2018-03-15 09:27:41,080]
2016-12 : 第11页/共71页 成功下载 20 条医疗机构信息.【1】

[WARN] [3]
[09:27:44,571] [2018-03-15 09:27:44,571]
2016-12 : 第12页/共71页 成功下载 20 条医疗机构信息.【1】

[WARN] [3]
[09:27:48,193] [2018-03-15 09:27:48,193]
2016-12 : 第13页/共71页 成功下载 20 条医疗机构信息.【1】

[WARN] [3]
[09:27:51,834] [2018-03-15 09:27:51,834]
2016-12 : 第14页/共71页 成功下载 20 条医疗机构信息.【1】

[WARN] [3]
[09:27:55,350] [2018-03-15 09:27:55,350]
2016-12 : 第15页/共71页 成功下载 20 条医疗机构信息.【1】

[WARN] [3]
[09:27:59,229] [2018-03-15 09:27:59,229]
2016-12 : 第16页/共71页 成功下载 20 条医疗机构信息.【1】

[WARN] [3]
[09:28:02,713] [2018-03-15 09:28:02,713]
2016-12 : 第17页/共71页 成功下载 20 条医疗机构信息.【1】

[WARN] [3]
[09:28:06,215] [2018-03-15 09:28:06,215]
2016-12 : 第18页/共71页 成功下载 20 条医疗机构信息.【1】

[WARN] [3]
[09:28:09,725] [2018-03-15 09:28:09,725]
2016-12 : 第19页/共71页 成功下载 20 条医疗机构信息.【1】

[WARN] [3]
[09:28:13,164] [2018-03-15 09:28:13,164]
2016-12 : 第20页/共71页 成功下载 20 条医疗机构信息.【1】

[WARN] [3]
[09:28:16,663] [2018-03-15 09:28:16,663]
2016-12 : 第21页/共71页 成功下载 20 条医疗机构信息.【1】

[WARN] [3]
[09:28:20,231] [2018-03-15 09:28:20,231]
2016-12 : 第22页/共71页 成功下载 20 条医疗机构信息.【1】

[WARN] [3]
[09:28:23,907] [2018-03-15 09:28:23,907]
2016-12 : 第23页/共71页 成功下载 20 条医疗机构信息.【1】

[WARN] [3]
[09:28:27,412] [2018-03-15 09:28:27,412]
2016-12 : 第24页/共71页 成功下载 20 条医疗机构信息.【1】

[WARN] [3]
[09:28:30,919] [2018-03-15 09:28:30,919]
2016-12 : 第25页/共71页 成功下载 20 条医疗机构信息.【1】

[WARN] [3]
[09:28:34,527] [2018-03-15 09:28:34,523]
2016-12 : 第26页/共71页 成功下载 20 条医疗机构信息.【1】

[WARN] [3]
[09:28:38,129] [2018-03-15 09:28:38,129]
2016-12 : 第27页/共71页 成功下载 20 条医疗机构信息.【1】

[WARN] [3]
[09:28:41,667] [2018-03-15 09:28:41,667]
2016-12 : 第28页/共71页 成功下载 20 条医疗机构信息.【1】

[WARN] [3]
[09:28:45,285] [2018-03-15 09:28:45,285]
2016-12 : 第29页/共71页 成功下载 20 条医疗机构信息.【1】

[WARN] [3]
[09:28:48,958] [2018-03-15 09:28:48,958]
2016-12 : 第30页/共71页 成功下载 20 条医疗机构信息.【1】

[WARN] [3]
[09:28:52,674] [2018-03-15 09:28:52,674]
2016-12 : 第31页/共71页 成功下载 20 条医疗机构信息.【1】

[WARN] [3]
[09:28:56,599] [2018-03-15 09:28:56,599]
2016-12 : 第32页/共71页 成功下载 20 条医疗机构信息.【1】

[WARN] [3]
[09:29:00,241] [2018-03-15 09:29:00,241]
2016-12 : 第33页/共71页 成功下载 20 条医疗机构信息.【1】

[WARN] [3]
[09:29:03,933] [2018-03-15 09:29:03,933]
2016-12 : 第34页/共71页 成功下载 20 条医疗机构信息.【1】

[WARN] [3]
[09:29:07,673] [2018-03-15 09:29:07,673]
2016-12 : 第35页/共71页 成功下载 20 条医疗机构信息.【1】

[WARN] [3]
[09:29:11,312] [2018-03-15 09:29:11,312]
2016-12 : 第36页/共71页 成功下载 20 条医疗机构信息.【1】

[WARN] [3]
[09:29:14,837] [2018-03-15 09:29:14,837]
2016-12 : 第37页/共71页 成功下载 20 条医疗机构信息.【1】

[WARN] [3]
[09:29:18,406] [2018-03-15 09:29:18,406]
2016-12 : 第38页/共71页 成功下载 20 条医疗机构信息.【1】

[WARN] [3]
[09:29:22,089] [2018-03-15 09:29:22,085]
2016-12 : 第39页/共71页 成功下载 20 条医疗机构信息.【1】

[WARN] [3]
[09:29:25,688] [2018-03-15 09:29:25,688]
2016-12 : 第40页/共71页 成功下载 20 条医疗机构信息.【1】

[WARN] [3]
[09:29:29,323] [2018-03-15 09:29:29,323]
2016-12 : 第41页/共71页 成功下载 20 条医疗机构信息.【1】

[WARN] [3]
[09:29:33,122] [2018-03-15 09:29:33,122]
2016-12 : 第42页/共71页 成功下载 20 条医疗机构信息.【1】

[WARN] [3]
[09:29:37,004] [2018-03-15 09:29:37,004]
2016-12 : 第43页/共71页 成功下载 20 条医疗机构信息.【1】

[WARN] [3]
[09:29:40,761] [2018-03-15 09:29:40,761]
2016-12 : 第44页/共71页 成功下载 20 条医疗机构信息.【1】

[WARN] [3]
[09:29:44,355] [2018-03-15 09:29:44,355]
2016-12 : 第45页/共71页 成功下载 20 条医疗机构信息.【1】

[WARN] [3]
[09:29:47,996] [2018-03-15 09:29:47,996]
2016-12 : 第46页/共71页 成功下载 20 条医疗机构信息.【1】

[WARN] [3]
[09:29:51,852] [2018-03-15 09:29:51,852]
2016-12 : 第47页/共71页 成功下载 20 条医疗机构信息.【1】

[WARN] [3]
[09:29:55,721] [2018-03-15 09:29:55,721]
2016-12 : 第48页/共71页 成功下载 20 条医疗机构信息.【1】

[WARN] [3]
[09:29:59,537] [2018-03-15 09:29:59,537]
2016-12 : 第49页/共71页 成功下载 20 条医疗机构信息.【1】

[WARN] [3]
[09:30:03,190] [2018-03-15 09:30:03,190]
2016-12 : 第50页/共71页 成功下载 20 条医疗机构信息.【1】

[WARN] [3]
[09:30:07,095] [2018-03-15 09:30:07,095]
2016-12 : 第51页/共71页 成功下载 20 条医疗机构信息.【1】

[WARN] [3]
[09:30:10,749] [2018-03-15 09:30:10,749]
2016-12 : 第52页/共71页 成功下载 20 条医疗机构信息.【1】

[WARN] [3]
[09:30:14,493] [2018-03-15 09:30:14,493]
2016-12 : 第53页/共71页 成功下载 20 条医疗机构信息.【1】

[WARN] [3]
[09:30:18,236] [2018-03-15 09:30:18,236]
2016-12 : 第54页/共71页 成功下载 20 条医疗机构信息.【1】

[WARN] [3]
[09:30:21,916] [2018-03-15 09:30:21,916]
2016-12 : 第55页/共71页 成功下载 20 条医疗机构信息.【1】

[WARN] [3]
[09:30:25,625] [2018-03-15 09:30:25,625]
2016-12 : 第56页/共71页 成功下载 20 条医疗机构信息.【1】

[WARN] [3]
[09:30:29,362] [2018-03-15 09:30:29,362]
2016-12 : 第57页/共71页 成功下载 20 条医疗机构信息.【1】

[WARN] [3]
[09:30:33,003] [2018-03-15 09:30:33,003]
2016-12 : 第58页/共71页 成功下载 20 条医疗机构信息.【1】

[WARN] [3]
[09:30:36,674] [2018-03-15 09:30:36,674]
2016-12 : 第59页/共71页 成功下载 20 条医疗机构信息.【1】

[WARN] [3]
[09:30:40,308] [2018-03-15 09:30:40,308]
2016-12 : 第60页/共71页 成功下载 20 条医疗机构信息.【1】

[WARN] [3]
[09:30:44,161] [2018-03-15 09:30:44,161]
2016-12 : 第61页/共71页 成功下载 20 条医疗机构信息.【1】

[WARN] [3]
[09:30:48,040] [2018-03-15 09:30:48,040]
2016-12 : 第62页/共71页 成功下载 20 条医疗机构信息.【1】

[WARN] [3]
[09:30:51,858] [2018-03-15 09:30:51,858]
2016-12 : 第63页/共71页 成功下载 20 条医疗机构信息.【1】

[WARN] [3]
[09:30:55,687] [2018-03-15 09:30:55,687]
2016-12 : 第64页/共71页 成功下载 20 条医疗机构信息.【1】

[WARN] [3]
[09:30:59,635] [2018-03-15 09:30:59,635]
2016-12 : 第65页/共71页 成功下载 20 条医疗机构信息.【1】

[WARN] [3]
[09:31:03,844] [2018-03-15 09:31:03,844]
2016-12 : 第66页/共71页 成功下载 20 条医疗机构信息.【1】

[WARN] [3]
[09:31:08,091] [2018-03-15 09:31:08,091]
2016-12 : 第67页/共71页 成功下载 20 条医疗机构信息.【1】

[WARN] [3]
[09:31:12,395] [2018-03-15 09:31:12,395]
2016-12 : 第68页/共71页 成功下载 20 条医疗机构信息.【1】

[WARN] [3]
[09:31:16,843] [2018-03-15 09:31:16,843]
2016-12 : 第69页/共71页 成功下载 20 条医疗机构信息.【1】

[WARN] [3]
[09:31:21,576] [2018-03-15 09:31:21,576]
2016-12 : 第70页/共71页 成功下载 20 条医疗机构信息.【1】

[WARN] [3]
[09:31:26,896] [2018-03-15 09:31:26,896]
2016-12 : 第71页/共71页 成功下载 9 条医疗机构信息.【1】

[WARN] [3]
[09:31:34,467] [2018-03-15 09:31:34,467]
2017-01 : 第1页/共44页 成功下载 20 条医疗机构信息.【1】

[WARN] [3]
[09:31:36,730] [2018-03-15 09:31:36,730]
2017-01 : 第2页/共44页 成功下载 20 条医疗机构信息.【1】

[WARN] [3]
[09:31:39,011] [2018-03-15 09:31:39,011]
2017-01 : 第3页/共44页 成功下载 20 条医疗机构信息.【1】

[WARN] [3]
[09:31:41,302] [2018-03-15 09:31:41,302]
2017-01 : 第4页/共44页 成功下载 20 条医疗机构信息.【1】

[WARN] [3]
[09:31:43,561] [2018-03-15 09:31:43,561]
2017-01 : 第5页/共44页 成功下载 20 条医疗机构信息.【1】

[WARN] [3]
[09:31:45,828] [2018-03-15 09:31:45,828]
2017-01 : 第6页/共44页 成功下载 20 条医疗机构信息.【1】

[WARN] [3]
[09:31:48,135] [2018-03-15 09:31:48,135]
2017-01 : 第7页/共44页 成功下载 20 条医疗机构信息.【1】

[WARN] [3]
[09:31:50,447] [2018-03-15 09:31:50,447]
2017-01 : 第8页/共44页 成功下载 20 条医疗机构信息.【1】

[WARN] [3]
[09:31:52,691] [2018-03-15 09:31:52,691]
2017-01 : 第9页/共44页 成功下载 20 条医疗机构信息.【1】

[WARN] [3]
[09:31:55,002] [2018-03-15 09:31:55,002]
2017-01 : 第10页/共44页 成功下载 20 条医疗机构信息.【1】

[WARN] [3]
[09:31:57,290] [2018-03-15 09:31:57,290]
2017-01 : 第11页/共44页 成功下载 20 条医疗机构信息.【1】

[WARN] [3]
[09:31:59,585] [2018-03-15 09:31:59,585]
2017-01 : 第12页/共44页 成功下载 20 条医疗机构信息.【1】

[WARN] [3]
[09:32:02,039] [2018-03-15 09:32:02,039]
2017-01 : 第13页/共44页 成功下载 20 条医疗机构信息.【1】

[WARN] [3]
[09:32:04,365] [2018-03-15 09:32:04,365]
2017-01 : 第14页/共44页 成功下载 20 条医疗机构信息.【1】

[WARN] [3]
[09:32:06,673] [2018-03-15 09:32:06,673]
2017-01 : 第15页/共44页 成功下载 20 条医疗机构信息.【1】

[WARN] [3]
[09:32:09,176] [2018-03-15 09:32:09,176]
2017-01 : 第16页/共44页 成功下载 20 条医疗机构信息.【1】

[WARN] [3]
[09:32:11,519] [2018-03-15 09:32:11,519]
2017-01 : 第17页/共44页 成功下载 20 条医疗机构信息.【1】

[WARN] [3]
[09:32:13,818] [2018-03-15 09:32:13,818]
2017-01 : 第18页/共44页 成功下载 20 条医疗机构信息.【1】

[WARN] [3]
[09:32:16,172] [2018-03-15 09:32:16,172]
2017-01 : 第19页/共44页 成功下载 20 条医疗机构信息.【1】

[WARN] [3]
[09:32:18,574] [2018-03-15 09:32:18,574]
2017-01 : 第20页/共44页 成功下载 20 条医疗机构信息.【1】

[WARN] [3]
[09:32:20,946] [2018-03-15 09:32:20,946]
2017-01 : 第21页/共44页 成功下载 20 条医疗机构信息.【1】

[WARN] [3]
[09:32:23,243] [2018-03-15 09:32:23,243]
2017-01 : 第22页/共44页 成功下载 20 条医疗机构信息.【1】

[WARN] [3]
[09:32:25,598] [2018-03-15 09:32:25,598]
2017-01 : 第23页/共44页 成功下载 20 条医疗机构信息.【1】

[WARN] [3]
[09:32:27,934] [2018-03-15 09:32:27,934]
2017-01 : 第24页/共44页 成功下载 20 条医疗机构信息.【1】

[WARN] [3]
[09:32:30,328] [2018-03-15 09:32:30,328]
2017-01 : 第25页/共44页 成功下载 20 条医疗机构信息.【1】

[WARN] [3]
[09:32:32,680] [2018-03-15 09:32:32,680]
2017-01 : 第26页/共44页 成功下载 20 条医疗机构信息.【1】

[WARN] [3]
[09:32:35,044] [2018-03-15 09:32:35,044]
2017-01 : 第27页/共44页 成功下载 20 条医疗机构信息.【1】

[WARN] [3]
[09:32:37,344] [2018-03-15 09:32:37,344]
2017-01 : 第28页/共44页 成功下载 20 条医疗机构信息.【1】

[WARN] [3]
[09:32:40,037] [2018-03-15 09:32:40,037]
2017-01 : 第29页/共44页 成功下载 20 条医疗机构信息.【1】

[WARN] [3]
[09:32:42,471] [2018-03-15 09:32:42,471]
2017-01 : 第30页/共44页 成功下载 20 条医疗机构信息.【1】

[WARN] [3]
[09:32:44,900] [2018-03-15 09:32:44,900]
2017-01 : 第31页/共44页 成功下载 20 条医疗机构信息.【1】

[WARN] [3]
[09:32:47,256] [2018-03-15 09:32:47,256]
2017-01 : 第32页/共44页 成功下载 20 条医疗机构信息.【1】

[WARN] [3]
[09:32:49,634] [2018-03-15 09:32:49,634]
2017-01 : 第33页/共44页 成功下载 20 条医疗机构信息.【1】

[WARN] [3]
[09:32:51,995] [2018-03-15 09:32:51,995]
2017-01 : 第34页/共44页 成功下载 20 条医疗机构信息.【1】

[WARN] [3]
[09:32:54,356] [2018-03-15 09:32:54,356]
2017-01 : 第35页/共44页 成功下载 20 条医疗机构信息.【1】

[WARN] [3]
[09:32:56,774] [2018-03-15 09:32:56,774]
2017-01 : 第36页/共44页 成功下载 20 条医疗机构信息.【1】

[WARN] [3]
[09:32:59,149] [2018-03-15 09:32:59,149]
2017-01 : 第37页/共44页 成功下载 20 条医疗机构信息.【1】

[WARN] [3]
[09:33:01,530] [2018-03-15 09:33:01,530]
2017-01 : 第38页/共44页 成功下载 20 条医疗机构信息.【1】

[WARN] [3]
[09:33:03,925] [2018-03-15 09:33:03,925]
2017-01 : 第39页/共44页 成功下载 20 条医疗机构信息.【1】

[WARN] [3]
[09:33:06,368] [2018-03-15 09:33:06,368]
2017-01 : 第40页/共44页 成功下载 20 条医疗机构信息.【1】

[WARN] [3]
[09:33:08,840] [2018-03-15 09:33:08,840]
2017-01 : 第41页/共44页 成功下载 20 条医疗机构信息.【1】

[WARN] [3]
[09:33:11,442] [2018-03-15 09:33:11,442]
2017-01 : 第42页/共44页 成功下载 20 条医疗机构信息.【1】

[WARN] [3]
[09:33:14,155] [2018-03-15 09:33:14,155]
2017-01 : 第43页/共44页 成功下载 20 条医疗机构信息.【1】

[WARN] [3]
[09:33:17,175] [2018-03-15 09:33:17,175]
2017-01 : 第44页/共44页 成功下载 12 条医疗机构信息.【1】

[WARN] [3]
[09:33:25,639] [2018-03-15 09:33:25,639]
2017-03 : 第1页/共84页 成功下载 20 条医疗机构信息.【1】

[WARN] [3]
[09:33:30,745] [2018-03-15 09:33:30,745]
2017-03 : 第2页/共84页 成功下载 20 条医疗机构信息.【1】

[WARN] [3]
[09:33:35,851] [2018-03-15 09:33:35,851]
2017-03 : 第3页/共84页 成功下载 20 条医疗机构信息.【1】

[WARN] [3]
[09:33:41,024] [2018-03-15 09:33:41,024]
2017-03 : 第4页/共84页 成功下载 20 条医疗机构信息.【1】

[WARN] [3]
[09:33:46,205] [2018-03-15 09:33:46,205]
2017-03 : 第5页/共84页 成功下载 20 条医疗机构信息.【1】

[WARN] [3]
[09:33:51,414] [2018-03-15 09:33:51,414]
2017-03 : 第6页/共84页 成功下载 20 条医疗机构信息.【1】

[WARN] [3]
[09:33:56,566] [2018-03-15 09:33:56,566]
2017-03 : 第7页/共84页 成功下载 20 条医疗机构信息.【1】

[WARN] [3]
[09:34:01,787] [2018-03-15 09:34:01,787]
2017-03 : 第8页/共84页 成功下载 20 条医疗机构信息.【1】

[WARN] [3]
[09:34:06,958] [2018-03-15 09:34:06,958]
2017-03 : 第9页/共84页 成功下载 20 条医疗机构信息.【1】

[WARN] [3]
[09:34:12,048] [2018-03-15 09:34:12,048]
2017-03 : 第10页/共84页 成功下载 20 条医疗机构信息.【1】

[WARN] [3]
[09:34:17,203] [2018-03-15 09:34:17,203]
2017-03 : 第11页/共84页 成功下载 20 条医疗机构信息.【1】

[WARN] [3]
[09:34:22,346] [2018-03-15 09:34:22,346]
2017-03 : 第12页/共84页 成功下载 20 条医疗机构信息.【1】

[WARN] [3]
[09:34:27,532] [2018-03-15 09:34:27,531]
2017-03 : 第13页/共84页 成功下载 20 条医疗机构信息.【1】

[WARN] [3]
[09:34:32,767] [2018-03-15 09:34:32,767]
2017-03 : 第14页/共84页 成功下载 20 条医疗机构信息.【1】

[WARN] [3]
[09:34:38,626] [2018-03-15 09:34:38,626]
2017-03 : 第15页/共84页 成功下载 20 条医疗机构信息.【1】

[WARN] [3]
[09:34:44,513] [2018-03-15 09:34:44,513]
2017-03 : 第16页/共84页 成功下载 20 条医疗机构信息.【1】

[WARN] [3]
[09:34:49,955] [2018-03-15 09:34:49,955]
2017-03 : 第17页/共84页 成功下载 20 条医疗机构信息.【1】

[WARN] [3]
[09:34:55,609] [2018-03-15 09:34:55,609]
2017-03 : 第18页/共84页 成功下载 20 条医疗机构信息.【1】

[WARN] [3]
[09:35:01,250] [2018-03-15 09:35:01,250]
2017-03 : 第19页/共84页 成功下载 20 条医疗机构信息.【1】

[WARN] [3]
[09:35:06,524] [2018-03-15 09:35:06,524]
2017-03 : 第20页/共84页 成功下载 20 条医疗机构信息.【1】

[WARN] [3]
[09:35:11,774] [2018-03-15 09:35:11,774]
2017-03 : 第21页/共84页 成功下载 20 条医疗机构信息.【1】

[WARN] [3]
[09:35:17,025] [2018-03-15 09:35:17,024]
2017-03 : 第22页/共84页 成功下载 20 条医疗机构信息.【1】

[WARN] [3]
[09:35:22,716] [2018-03-15 09:35:22,716]
2017-03 : 第23页/共84页 成功下载 20 条医疗机构信息.【1】

[WARN] [3]
[09:35:28,547] [2018-03-15 09:35:28,547]
2017-03 : 第24页/共84页 成功下载 20 条医疗机构信息.【1】

[WARN] [3]
[09:35:33,804] [2018-03-15 09:35:33,804]
2017-03 : 第25页/共84页 成功下载 20 条医疗机构信息.【1】

[WARN] [3]
[09:35:39,558] [2018-03-15 09:35:39,558]
2017-03 : 第26页/共84页 成功下载 20 条医疗机构信息.【1】

[WARN] [3]
[09:35:44,948] [2018-03-15 09:35:44,948]
2017-03 : 第27页/共84页 成功下载 20 条医疗机构信息.【1】

[WARN] [3]
[09:35:50,741] [2018-03-15 09:35:50,741]
2017-03 : 第28页/共84页 成功下载 20 条医疗机构信息.【1】

[WARN] [3]
[09:35:56,349] [2018-03-15 09:35:56,349]
2017-03 : 第29页/共84页 成功下载 20 条医疗机构信息.【1】

[WARN] [3]
[09:36:02,208] [2018-03-15 09:36:02,208]
2017-03 : 第30页/共84页 成功下载 20 条医疗机构信息.【1】

[WARN] [3]
[09:36:07,526] [2018-03-15 09:36:07,526]
2017-03 : 第31页/共84页 成功下载 20 条医疗机构信息.【1】

[WARN] [3]
[09:36:12,871] [2018-03-15 09:36:12,871]
2017-03 : 第32页/共84页 成功下载 20 条医疗机构信息.【1】

[WARN] [3]
[09:36:18,394] [2018-03-15 09:36:18,394]
2017-03 : 第33页/共84页 成功下载 20 条医疗机构信息.【1】

[WARN] [3]
[09:36:24,347] [2018-03-15 09:36:24,347]
2017-03 : 第34页/共84页 成功下载 20 条医疗机构信息.【1】

[WARN] [3]
[09:36:31,448] [2018-03-15 09:36:31,448]
2017-03 : 第35页/共84页 成功下载 20 条医疗机构信息.【1】

[WARN] [3]
[09:36:38,065] [2018-03-15 09:36:38,065]
2017-03 : 第36页/共84页 成功下载 20 条医疗机构信息.【1】

[WARN] [3]
[09:36:43,891] [2018-03-15 09:36:43,891]
2017-03 : 第37页/共84页 成功下载 20 条医疗机构信息.【1】

[WARN] [3]
[09:36:49,342] [2018-03-15 09:36:49,342]
2017-03 : 第38页/共84页 成功下载 20 条医疗机构信息.【1】

[WARN] [3]
[09:36:54,727] [2018-03-15 09:36:54,727]
2017-03 : 第39页/共84页 成功下载 20 条医疗机构信息.【1】

[WARN] [3]
[09:37:00,045] [2018-03-15 09:37:00,045]
2017-03 : 第40页/共84页 成功下载 20 条医疗机构信息.【1】

[WARN] [3]
[09:37:05,400] [2018-03-15 09:37:05,400]
2017-03 : 第41页/共84页 成功下载 20 条医疗机构信息.【1】

[WARN] [3]
[09:37:10,690] [2018-03-15 09:37:10,690]
2017-03 : 第42页/共84页 成功下载 20 条医疗机构信息.【1】

[WARN] [3]
[09:37:16,013] [2018-03-15 09:37:16,013]
2017-03 : 第43页/共84页 成功下载 20 条医疗机构信息.【1】

[WARN] [3]
[09:37:21,415] [2018-03-15 09:37:21,415]
2017-03 : 第44页/共84页 成功下载 20 条医疗机构信息.【1】

[WARN] [3]
[09:37:26,948] [2018-03-15 09:37:26,948]
2017-03 : 第45页/共84页 成功下载 20 条医疗机构信息.【1】

[WARN] [3]
[09:37:32,277] [2018-03-15 09:37:32,277]
2017-03 : 第46页/共84页 成功下载 20 条医疗机构信息.【1】

[WARN] [3]
[09:37:37,648] [2018-03-15 09:37:37,648]
2017-03 : 第47页/共84页 成功下载 20 条医疗机构信息.【1】

[WARN] [3]
[09:37:43,105] [2018-03-15 09:37:43,105]
2017-03 : 第48页/共84页 成功下载 20 条医疗机构信息.【1】

[WARN] [3]
[09:37:48,498] [2018-03-15 09:37:48,498]
2017-03 : 第49页/共84页 成功下载 20 条医疗机构信息.【1】

[WARN] [3]
[09:37:53,918] [2018-03-15 09:37:53,918]
2017-03 : 第50页/共84页 成功下载 20 条医疗机构信息.【1】

[WARN] [3]
[09:37:59,551] [2018-03-15 09:37:59,551]
2017-03 : 第51页/共84页 成功下载 20 条医疗机构信息.【1】

[WARN] [3]
[09:38:05,121] [2018-03-15 09:38:05,121]
2017-03 : 第52页/共84页 成功下载 20 条医疗机构信息.【1】

[WARN] [3]
[09:38:10,554] [2018-03-15 09:38:10,554]
2017-03 : 第53页/共84页 成功下载 20 条医疗机构信息.【1】

[WARN] [3]
[09:38:15,966] [2018-03-15 09:38:15,966]
2017-03 : 第54页/共84页 成功下载 20 条医疗机构信息.【1】

[WARN] [3]
[09:38:21,441] [2018-03-15 09:38:21,441]
2017-03 : 第55页/共84页 成功下载 20 条医疗机构信息.【1】

[WARN] [3]
[09:38:26,870] [2018-03-15 09:38:26,869]
2017-03 : 第56页/共84页 成功下载 20 条医疗机构信息.【1】

[WARN] [3]
[09:38:32,337] [2018-03-15 09:38:32,337]
2017-03 : 第57页/共84页 成功下载 20 条医疗机构信息.【1】

[WARN] [3]
[09:38:37,856] [2018-03-15 09:38:37,856]
2017-03 : 第58页/共84页 成功下载 20 条医疗机构信息.【1】

[WARN] [3]
[09:38:43,341] [2018-03-15 09:38:43,341]
2017-03 : 第59页/共84页 成功下载 20 条医疗机构信息.【1】

[WARN] [3]
[09:38:48,958] [2018-03-15 09:38:48,958]
2017-03 : 第60页/共84页 成功下载 20 条医疗机构信息.【1】

[WARN] [3]
[09:38:54,358] [2018-03-15 09:38:54,358]
2017-03 : 第61页/共84页 成功下载 20 条医疗机构信息.【1】

[WARN] [3]
[09:38:59,865] [2018-03-15 09:38:59,865]
2017-03 : 第62页/共84页 成功下载 20 条医疗机构信息.【1】

[WARN] [3]
[09:39:05,367] [2018-03-15 09:39:05,367]
2017-03 : 第63页/共84页 成功下载 20 条医疗机构信息.【1】

[WARN] [3]
[09:39:10,897] [2018-03-15 09:39:10,897]
2017-03 : 第64页/共84页 成功下载 20 条医疗机构信息.【1】

[WARN] [3]
[09:39:16,407] [2018-03-15 09:39:16,407]
2017-03 : 第65页/共84页 成功下载 20 条医疗机构信息.【1】

[WARN] [3]
[09:39:21,882] [2018-03-15 09:39:21,882]
2017-03 : 第66页/共84页 成功下载 20 条医疗机构信息.【1】

[WARN] [3]
[09:39:27,575] [2018-03-15 09:39:27,575]
2017-03 : 第67页/共84页 成功下载 20 条医疗机构信息.【1】

[WARN] [3]
[09:39:33,096] [2018-03-15 09:39:33,096]
2017-03 : 第68页/共84页 成功下载 20 条医疗机构信息.【1】

[WARN] [3]
[09:39:38,565] [2018-03-15 09:39:38,565]
2017-03 : 第69页/共84页 成功下载 20 条医疗机构信息.【1】

[WARN] [3]
[09:39:44,014] [2018-03-15 09:39:44,014]
2017-03 : 第70页/共84页 成功下载 20 条医疗机构信息.【1】

[WARN] [3]
[09:39:49,566] [2018-03-15 09:39:49,566]
2017-03 : 第71页/共84页 成功下载 20 条医疗机构信息.【1】

[WARN] [3]
[09:39:55,094] [2018-03-15 09:39:55,094]
2017-03 : 第72页/共84页 成功下载 20 条医疗机构信息.【1】

[WARN] [3]
[09:40:00,653] [2018-03-15 09:40:00,653]
2017-03 : 第73页/共84页 成功下载 20 条医疗机构信息.【1】

[WARN] [3]
[09:40:06,190] [2018-03-15 09:40:06,190]
2017-03 : 第74页/共84页 成功下载 20 条医疗机构信息.【1】

[WARN] [3]
[09:40:11,824] [2018-03-15 09:40:11,824]
2017-03 : 第75页/共84页 成功下载 20 条医疗机构信息.【1】

[WARN] [3]
[09:40:17,351] [2018-03-15 09:40:17,351]
2017-03 : 第76页/共84页 成功下载 20 条医疗机构信息.【1】

[WARN] [3]
[09:40:22,897] [2018-03-15 09:40:22,897]
2017-03 : 第77页/共84页 成功下载 20 条医疗机构信息.【1】

[WARN] [3]
[09:40:28,526] [2018-03-15 09:40:28,526]
2017-03 : 第78页/共84页 成功下载 20 条医疗机构信息.【1】

[WARN] [3]
[09:40:34,233] [2018-03-15 09:40:34,233]
2017-03 : 第79页/共84页 成功下载 20 条医疗机构信息.【1】

[WARN] [3]
[09:40:39,969] [2018-03-15 09:40:39,969]
2017-03 : 第80页/共84页 成功下载 20 条医疗机构信息.【1】

[WARN] [3]
[09:40:45,772] [2018-03-15 09:40:45,772]
2017-03 : 第81页/共84页 成功下载 20 条医疗机构信息.【1】

[WARN] [3]
[09:40:51,725] [2018-03-15 09:40:51,725]
2017-03 : 第82页/共84页 成功下载 20 条医疗机构信息.【1】

[WARN] [3]
[09:40:57,824] [2018-03-15 09:40:57,824]
2017-03 : 第83页/共84页 成功下载 20 条医疗机构信息.【1】

[WARN] [3]
[09:41:04,722] [2018-03-15 09:41:04,720]
2017-03 : 第84页/共84页 成功下载 16 条医疗机构信息.【1】

[WARN] [3]
[09:41:12,904] [2018-03-15 09:41:12,904]
2017-04 : 第1页/共15页 成功下载 20 条医疗机构信息.【1】

[WARN] [3]
[09:41:14,314] [2018-03-15 09:41:14,314]
2017-04 : 第2页/共15页 成功下载 20 条医疗机构信息.【1】

[WARN] [3]
[09:41:15,777] [2018-03-15 09:41:15,777]
2017-04 : 第3页/共15页 成功下载 20 条医疗机构信息.【1】

[WARN] [3]
[09:41:17,181] [2018-03-15 09:41:17,181]
2017-04 : 第4页/共15页 成功下载 20 条医疗机构信息.【1】

[WARN] [3]
[09:41:18,590] [2018-03-15 09:41:18,590]
2017-04 : 第5页/共15页 成功下载 20 条医疗机构信息.【1】

[WARN] [3]
[09:41:20,060] [2018-03-15 09:41:20,060]
2017-04 : 第6页/共15页 成功下载 20 条医疗机构信息.【1】

[WARN] [3]
[09:41:21,471] [2018-03-15 09:41:21,471]
2017-04 : 第7页/共15页 成功下载 20 条医疗机构信息.【1】

[WARN] [3]
[09:41:22,916] [2018-03-15 09:41:22,916]
2017-04 : 第8页/共15页 成功下载 20 条医疗机构信息.【1】

[WARN] [3]
[09:41:24,342] [2018-03-15 09:41:24,342]
2017-04 : 第9页/共15页 成功下载 20 条医疗机构信息.【1】

[WARN] [3]
[09:41:25,792] [2018-03-15 09:41:25,792]
2017-04 : 第10页/共15页 成功下载 20 条医疗机构信息.【1】

[WARN] [3]
[09:41:27,269] [2018-03-15 09:41:27,269]
2017-04 : 第11页/共15页 成功下载 20 条医疗机构信息.【1】

[WARN] [3]
[09:41:28,768] [2018-03-15 09:41:28,768]
2017-04 : 第12页/共15页 成功下载 20 条医疗机构信息.【1】

[WARN] [3]
[09:41:30,208] [2018-03-15 09:41:30,208]
2017-04 : 第13页/共15页 成功下载 20 条医疗机构信息.【1】

[WARN] [3]
[09:41:31,706] [2018-03-15 09:41:31,706]
2017-04 : 第14页/共15页 成功下载 20 条医疗机构信息.【1】

[WARN] [3]
[09:41:33,429] [2018-03-15 09:41:33,429]
2017-04 : 第15页/共15页 成功下载 17 条医疗机构信息.【1】

[WARN] [3]
[09:41:35,628] [2018-03-15 09:41:35,628]
2017-05 : 第1页/共2页 成功下载 20 条医疗机构信息.【1】

[WARN] [3]
[09:41:36,232] [2018-03-15 09:41:36,232]
2017-05 : 第2页/共2页 成功下载 8 条医疗机构信息.【1】

[WARN] [3]
[09:41:37,371] [2018-03-15 09:41:37,371]
2017-06 : 第1页/共2页 成功下载 20 条医疗机构信息.【1】

[WARN] [3]
[09:41:37,938] [2018-03-15 09:41:37,938]
2017-06 : 第2页/共2页 成功下载 20 条医疗机构信息.【1】

[WARN] [3]
[09:41:38,698] [2018-03-15 09:41:38,698]
2017-07 : 第1页/共1页 成功下载 4 条医疗机构信息.【1】

[WARN] [3]
[09:41:39,376] [2018-03-15 09:41:39,376]
2017-08 : 第1页/共1页 成功下载 11 条医疗机构信息.【1】

[WARN] [3]
[09:41:40,009] [2018-03-15 09:41:40,009]
2017-09 : 第1页/共1页 成功下载 5 条医疗机构信息.【1】

[WARN] [3]
[09:41:40,646] [2018-03-15 09:41:40,646]
2017-10 : 第1页/共1页 成功下载 4 条医疗机构信息.【1】

[WARN] [3]
[09:41:41,317] [2018-03-15 09:41:41,316]
2017-11 : 第1页/共1页 成功下载 4 条医疗机构信息.【1】

[INFO] [3]
[10:24:13,567] [2018-03-15 10:24:13,558]
{"returnCode":7,"returnMsg":"业务执行失败","errorList":[{"errorReasonList":[{"errorCode":1,"errorMsg":"参数不能为空【发票类型不能为空】"}],"companyPrimaryKey":"f1da6e49-1c74-410d-b8a4-6a42344d122a"}]}

[INFO] [3]
[10:33:11,532] [2018-03-15 10:33:09,271]
{"returnCode":7,"returnMsg":"业务执行失败","errorList":[{"errorReasonList":[{"errorCode":1,"errorMsg":"参数不能为空【发票类型不能为空】"}],"companyPrimaryKey":"2407501a-5337-42d7-a549-ab33b0b1d5d6"}]}

[INFO] [3]
[10:36:11,363] [2018-03-15 10:36:11,361]
{"returnCode":1,"successList":[{"companyPrimaryKey":"c75990e5-9870-4eef-8312-fc4b07119d39","ID":"180315103620641845713992"}],"returnMsg":"业务执行成功"}

[ERROR] [3]
[12:34:42,159] [2018-03-15 12:34:42,153]
远程服务器返回错误: (500) 内部服务器错误。

[ERROR] [3]
[12:35:03,096] [2018-03-15 12:35:03,096]
远程服务器返回错误: (500) 内部服务器错误。

[INFO] [3]
[18:39:08,340] [2018-03-15 18:39:08,335]
{"returnCode":4,"successList":"[]","returnMsg":"令牌无效，请重新获取令牌","errorList":"[]"}

[INFO] [3]
[18:39:08,966] [2018-03-15 18:39:08,966]
{"returnCode":7,"returnMsg":"业务执行失败","errorList":[{"errorReasonList":[{"errorCode":6,"errorMsg":"数据重复提交【发票代码+发票号码已存在】"}],"companyPrimaryKey":"c8da0166-7e2a-4cfa-9f13-7d33ebdae8ef"}]}

[INFO] [3]
[18:39:36,107] [2018-03-15 18:39:36,107]
{"returnCode":1,"successList":[{"companyPrimaryKey":"0d7f9826-b1c1-4c2d-962a-54004d97497e","ID":"180315183945882675461982"}],"returnMsg":"业务执行成功"}

[INFO] [3]
[19:31:58,576] [2018-03-15 19:31:58,572]
{"returnCode":4,"successList":"[]","returnMsg":"令牌无效，请重新获取令牌","errorList":"[]"}

[INFO] [3]
[19:31:59,117] [2018-03-15 19:31:59,117]
{"returnCode":1,"successList":[{"companyPrimaryKey":"419900e5-545d-4f71-88c9-1666c9896058","ID":"180315193208927086548292"}],"returnMsg":"业务执行成功"}

[INFO] [3]
[19:35:01,870] [2018-03-15 19:35:01,867]
{"returnCode":1,"successList":[{"companyPrimaryKey":"ae6416ec-b02a-43a3-85eb-abf971d2c7f0","ID":"180315193511676897442972"}],"returnMsg":"业务执行成功"}

[INFO] [3]
[22:30:21,604] [2018-03-15 22:30:21,603]
{"returnCode":4,"successList":"[]","returnMsg":"令牌无效，请重新获取令牌","errorList":"[]"}

[INFO] [3]
[22:30:22,177] [2018-03-15 22:30:22,177]
{"returnCode":7,"returnMsg":"业务执行失败","errorList":[{"errorReasonList":[{"errorCode":4,"errorMsg":"数据不存在【发票代码+发票号码不存在】"}],"companyPrimaryKey":"d4b50ea5-3c9b-485e-be04-e22aaec16c3e"}]}

[INFO] [3]
[22:32:14,904] [2018-03-15 22:32:14,902]
{"returnCode":1,"successList":[{"companyPrimaryKey":"d4b50ea5-3c9b-485e-be04-e22aaec16c3e","ID":39931}],"returnMsg":"业务执行成功"}
