
[INFO] [3]
[10:17:00,251] [2018-01-11 10:17:00,249]
{"dataList":"[]","returnCode":2,"returnMsg":"访问未授权，请得到授权后访问"}

[INFO] [3]
[10:17:00,499] [2018-01-11 10:17:00,499]
{"currentTime":"2018-01-11 10:17:09","returnCode":1,"accessToken":"5a0087b6-5260-4c07-aa09-d3e6aaac70ad","expiresIn":1800,"returnMsg":"业务执行成功"}

[INFO] [3]
[10:17:01,037] [2018-01-11 10:17:01,037]
{"returnCode":1,"returnMsg":"业务执行成功","resultList":[{"isExist":1,"procurecatalogId":7654},{"isExist":1,"procurecatalogId":14592}]}

[INFO] [3]
[13:17:42,869] [2018-01-11 13:17:42,867]
{"returnCode":"4","returnMsg":"令牌无效，请重新获取令牌","resultList":[]}

[INFO] [3]
[13:17:43,150] [2018-01-11 13:17:43,150]
{"currentTime":"2018-01-11 13:17:52","returnCode":1,"accessToken":"05dcc5e3-3eb1-4251-8f5d-9619d0185264","expiresIn":1800,"returnMsg":"业务执行成功"}

[INFO] [3]
[13:17:43,466] [2018-01-11 13:17:43,466]
{"returnCode":1,"returnMsg":"业务执行成功","resultList":[{"isExist":1,"procurecatalogId":15609},{"isExist":1,"procurecatalogId":14592},{"isExist":1,"procurecatalogId":12292}]}

[INFO] [3]
[14:12:43,833] [2018-01-11 14:12:43,831]
{"returnCode":"1","returnMsg":"OK"}

[INFO] [3]
[14:12:51,109] [2018-01-11 14:12:51,109]
{"currentTime":"2018-01-11 14:13:00","returnCode":1,"accessToken":"cdfae1a2-ab83-4e98-aafb-d3dba57b7ba1","expiresIn":1800,"returnMsg":"业务执行成功"}

[WARN] [3]
[14:13:31,512] [2018-01-11 14:13:31,511]
2017-10 : 第1页/共32页 成功下载 20 条商品信息.【1】

[WARN] [3]
[14:13:32,641] [2018-01-11 14:13:32,641]
2017-10 : 第2页/共32页 成功下载 20 条商品信息.【1】

[WARN] [3]
[14:13:33,627] [2018-01-11 14:13:33,626]
2017-10 : 第3页/共32页 成功下载 20 条商品信息.【1】

[WARN] [3]
[14:13:34,954] [2018-01-11 14:13:34,954]
2017-10 : 第4页/共32页 成功下载 20 条商品信息.【1】

[WARN] [3]
[14:13:36,161] [2018-01-11 14:13:36,161]
2017-10 : 第5页/共32页 成功下载 20 条商品信息.【1】

[WARN] [3]
[14:13:37,301] [2018-01-11 14:13:37,301]
2017-10 : 第6页/共32页 成功下载 20 条商品信息.【1】

[WARN] [3]
[14:13:38,880] [2018-01-11 14:13:38,880]
2017-10 : 第7页/共32页 成功下载 20 条商品信息.【1】

[WARN] [3]
[14:13:40,121] [2018-01-11 14:13:40,120]
2017-10 : 第8页/共32页 成功下载 20 条商品信息.【1】

[WARN] [3]
[14:13:41,320] [2018-01-11 14:13:41,320]
2017-10 : 第9页/共32页 成功下载 20 条商品信息.【1】

[WARN] [3]
[14:13:42,445] [2018-01-11 14:13:42,445]
2017-10 : 第10页/共32页 成功下载 20 条商品信息.【1】

[WARN] [3]
[14:13:43,633] [2018-01-11 14:13:43,633]
2017-10 : 第11页/共32页 成功下载 20 条商品信息.【1】

[WARN] [3]
[14:13:44,714] [2018-01-11 14:13:44,714]
2017-10 : 第12页/共32页 成功下载 20 条商品信息.【1】

[WARN] [3]
[14:13:45,714] [2018-01-11 14:13:45,714]
2017-10 : 第13页/共32页 成功下载 20 条商品信息.【1】

[WARN] [3]
[14:13:46,817] [2018-01-11 14:13:46,817]
2017-10 : 第14页/共32页 成功下载 20 条商品信息.【1】

[WARN] [3]
[14:13:47,928] [2018-01-11 14:13:47,928]
2017-10 : 第15页/共32页 成功下载 20 条商品信息.【1】

[WARN] [3]
[14:13:49,106] [2018-01-11 14:13:49,099]
2017-10 : 第16页/共32页 成功下载 20 条商品信息.【1】

[WARN] [3]
[14:13:50,128] [2018-01-11 14:13:50,128]
2017-10 : 第17页/共32页 成功下载 20 条商品信息.【1】

[WARN] [3]
[14:13:51,114] [2018-01-11 14:13:51,113]
2017-10 : 第18页/共32页 成功下载 20 条商品信息.【1】

[WARN] [3]
[14:13:52,298] [2018-01-11 14:13:52,298]
2017-10 : 第19页/共32页 成功下载 20 条商品信息.【1】

[WARN] [3]
[14:13:53,485] [2018-01-11 14:13:53,485]
2017-10 : 第20页/共32页 成功下载 20 条商品信息.【1】

[WARN] [3]
[14:13:54,647] [2018-01-11 14:13:54,647]
2017-10 : 第21页/共32页 成功下载 20 条商品信息.【1】

[WARN] [3]
[14:13:55,644] [2018-01-11 14:13:55,644]
2017-10 : 第22页/共32页 成功下载 20 条商品信息.【1】

[WARN] [3]
[14:13:56,695] [2018-01-11 14:13:56,695]
2017-10 : 第23页/共32页 成功下载 20 条商品信息.【1】

[WARN] [3]
[14:13:57,881] [2018-01-11 14:13:57,881]
2017-10 : 第24页/共32页 成功下载 20 条商品信息.【1】

[WARN] [3]
[14:13:58,943] [2018-01-11 14:13:58,943]
2017-10 : 第25页/共32页 成功下载 20 条商品信息.【1】

[WARN] [3]
[14:14:00,049] [2018-01-11 14:14:00,049]
2017-10 : 第26页/共32页 成功下载 20 条商品信息.【1】

[WARN] [3]
[14:14:01,065] [2018-01-11 14:14:01,065]
2017-10 : 第27页/共32页 成功下载 20 条商品信息.【1】

[WARN] [3]
[14:14:02,106] [2018-01-11 14:14:02,106]
2017-10 : 第28页/共32页 成功下载 20 条商品信息.【1】

[WARN] [3]
[14:14:03,772] [2018-01-11 14:14:03,772]
2017-10 : 第29页/共32页 成功下载 20 条商品信息.【1】

[WARN] [3]
[14:14:04,885] [2018-01-11 14:14:04,885]
2017-10 : 第30页/共32页 成功下载 20 条商品信息.【1】

[WARN] [3]
[14:14:05,959] [2018-01-11 14:14:05,959]
2017-10 : 第31页/共32页 成功下载 20 条商品信息.【1】

[WARN] [3]
[14:14:06,570] [2018-01-11 14:14:06,570]
2017-10 : 第32页/共32页 成功下载 8 条商品信息.【1】

[WARN] [3]
[14:14:08,131] [2018-01-11 14:14:08,131]
2017-11 : 第1页/共4页 成功下载 20 条商品信息.【1】

[WARN] [3]
[14:14:09,546] [2018-01-11 14:14:09,546]
2017-11 : 第2页/共4页 成功下载 20 条商品信息.【1】

[WARN] [3]
[14:14:10,591] [2018-01-11 14:14:10,591]
2017-11 : 第3页/共4页 成功下载 20 条商品信息.【1】

[WARN] [3]
[14:14:11,018] [2018-01-11 14:14:11,018]
2017-11 : 第4页/共4页 成功下载 4 条商品信息.【1】

[WARN] [3]
[14:14:27,780] [2018-01-11 14:14:27,780]
2017-10 : 第1页/共2页 成功下载 20 条生产企业信息.【1】

[WARN] [3]
[14:14:29,073] [2018-01-11 14:14:29,073]
2017-10 : 第2页/共2页 成功下载 18 条生产企业信息.【1】

[WARN] [3]
[14:14:30,404] [2018-01-11 14:14:30,404]
2017-11 : 第1页/共4页 成功下载 20 条生产企业信息.【1】

[WARN] [3]
[14:14:31,444] [2018-01-11 14:14:31,444]
2017-11 : 第2页/共4页 成功下载 20 条生产企业信息.【1】

[WARN] [3]
[14:14:32,340] [2018-01-11 14:14:32,340]
2017-11 : 第3页/共4页 成功下载 20 条生产企业信息.【1】

[WARN] [3]
[14:14:32,927] [2018-01-11 14:14:32,927]
2017-11 : 第4页/共4页 成功下载 10 条生产企业信息.【1】

[INFO] [3]
[14:14:46,980] [2018-01-11 14:14:46,980]
{"dataList":[{"groupName":"业务管理科","hospitalAddress":"绍兴市柯桥区湖东路1348号","lastUpdateTime":"1509073817000","hospitalName":"绍兴市柯桥区妇幼保健计划生育服务中心","hospitalId":"B1FAB226-7F39-46DE-BDC4-F4E7E76F6E1D","departmentId":9875,"addTime":"1509063019000"},{"groupName":"杭州市公安局监所管理支队","hospitalAddress":"杭州市余杭区仁和街道运溪路36号","lastUpdateTime":"1507705844000","hospitalName":"杭州市公安局监所管理支队","hospitalId":"64C425CA-7C73-4CF5-A9BD-5EA4745D608E","departmentId":12505,"addTime":"1506492540000"},{"groupName":null,"hospitalAddress":"金华市金磐开发区安文路328号","lastUpdateTime":"1509437428000","hospitalName":"金华艾克医院","hospitalId":"1A1C8EEF-BFE9-4902-A785-FA24613DF7E8","departmentId":null,"addTime":"1509433837000"},{"groupName":null,"hospitalAddress":"龙游县龙洲街道翠竹路19号","lastUpdateTime":"1507709441000","hospitalName":"龙游龙州医院","hospitalId":"7AC113EB-F0BB-4561-AD2F-AF8132B51424","departmentId":null,"addTime":"1506492597000"}],"returnCode":1,"totalRecordCount":4,"totalPageCount":1,"returnMsg":"业务执行成功","currentPageNumber":1}

[WARN] [3]
[14:14:47,295] [2018-01-11 14:14:47,295]
2017-10 : 第1页/共1页 成功下载 4 条医疗机构信息.【1】

[INFO] [3]
[14:14:47,575] [2018-01-11 14:14:47,575]
{"dataList":[{"groupName":"业务管理科","hospitalAddress":"绍兴市柯桥区湖东路1348号","lastUpdateTime":"1509073817000","hospitalName":"绍兴市柯桥区妇幼保健计划生育服务中心","hospitalId":"B1FAB226-7F39-46DE-BDC4-F4E7E76F6E1D","departmentId":9875,"addTime":"1509063019000"},{"groupName":"杭州市公安局监所管理支队","hospitalAddress":"杭州市余杭区仁和街道运溪路36号","lastUpdateTime":"1507705844000","hospitalName":"杭州市公安局监所管理支队","hospitalId":"64C425CA-7C73-4CF5-A9BD-5EA4745D608E","departmentId":12505,"addTime":"1506492540000"},{"groupName":null,"hospitalAddress":"金华市金磐开发区安文路328号","lastUpdateTime":"1509437428000","hospitalName":"金华艾克医院","hospitalId":"1A1C8EEF-BFE9-4902-A785-FA24613DF7E8","departmentId":null,"addTime":"1509433837000"},{"groupName":null,"hospitalAddress":"龙游县龙洲街道翠竹路19号","lastUpdateTime":"1507709441000","hospitalName":"龙游龙州医院","hospitalId":"7AC113EB-F0BB-4561-AD2F-AF8132B51424","departmentId":null,"addTime":"1506492597000"}],"returnCode":1,"totalRecordCount":4,"totalPageCount":1,"returnMsg":"业务执行成功","currentPageNumber":1}

[INFO] [3]
[14:14:47,834] [2018-01-11 14:14:47,834]
{"dataList":[{"groupName":"药械科","hospitalAddress":"浙江省象山县丹东街道新华路228号","lastUpdateTime":"1509606680000","hospitalName":"象山县急救站","hospitalId":"B41766CC-77A5-4F47-BBED-71F252EF8E26","departmentId":10549,"addTime":"1509588690000"},{"groupName":"财务科","hospitalAddress":"浙江省象山县丹东街道新华路228号","lastUpdateTime":"1509606680000","hospitalName":"象山县急救站","hospitalId":"B41766CC-77A5-4F47-BBED-71F252EF8E26","departmentId":10859,"addTime":"1509588690000"},{"groupName":"嘉兴职业技术学院医务室","hospitalAddress":"嘉兴市桐乡大道547号学院10号教学楼二楼","lastUpdateTime":"1509606713000","hospitalName":"嘉兴职业技术学院","hospitalId":"315EFC3B-AE92-4718-A1B6-A5E638318BE1","departmentId":11652,"addTime":"1509588667000"},{"groupName":null,"hospitalAddress":"衢州市柯城区巨化滨一村35栋","lastUpdateTime":"1511251909000","hospitalName":"衢州市柯城区衢化街道社区卫生服务中心","hospitalId":"C64EC43D-9A21-45D9-AD11-BFE9A2DFA24A","departmentId":null,"addTime":"1511147488000"}],"returnCode":1,"totalRecordCount":4,"totalPageCount":1,"returnMsg":"业务执行成功","currentPageNumber":1}

[WARN] [3]
[14:14:48,038] [2018-01-11 14:14:48,038]
2017-11 : 第1页/共1页 成功下载 4 条医疗机构信息.【1】

[INFO] [3]
[14:14:48,285] [2018-01-11 14:14:48,284]
{"dataList":[{"groupName":"药械科","hospitalAddress":"浙江省象山县丹东街道新华路228号","lastUpdateTime":"1509606680000","hospitalName":"象山县急救站","hospitalId":"B41766CC-77A5-4F47-BBED-71F252EF8E26","departmentId":10549,"addTime":"1509588690000"},{"groupName":"财务科","hospitalAddress":"浙江省象山县丹东街道新华路228号","lastUpdateTime":"1509606680000","hospitalName":"象山县急救站","hospitalId":"B41766CC-77A5-4F47-BBED-71F252EF8E26","departmentId":10859,"addTime":"1509588690000"},{"groupName":"嘉兴职业技术学院医务室","hospitalAddress":"嘉兴市桐乡大道547号学院10号教学楼二楼","lastUpdateTime":"1509606713000","hospitalName":"嘉兴职业技术学院","hospitalId":"315EFC3B-AE92-4718-A1B6-A5E638318BE1","departmentId":11652,"addTime":"1509588667000"},{"groupName":null,"hospitalAddress":"衢州市柯城区巨化滨一村35栋","lastUpdateTime":"1511251909000","hospitalName":"衢州市柯城区衢化街道社区卫生服务中心","hospitalId":"C64EC43D-9A21-45D9-AD11-BFE9A2DFA24A","departmentId":null,"addTime":"1511147488000"}],"returnCode":1,"totalRecordCount":4,"totalPageCount":1,"returnMsg":"业务执行成功","currentPageNumber":1}

[INFO] [3]
[14:14:48,416] [2018-01-11 14:14:48,416]
{"dataList":[],"returnCode":1,"totalRecordCount":0,"totalPageCount":0,"returnMsg":"业务执行成功","currentPageNumber":1}

[INFO] [3]
[14:14:48,575] [2018-01-11 14:14:48,575]
{"dataList":[],"returnCode":1,"totalRecordCount":0,"totalPageCount":0,"returnMsg":"业务执行成功","currentPageNumber":1}

[INFO] [3]
[14:29:57,045] [2018-01-11 14:29:56,168]
{"dataList":[],"totalRecordCount":0,"returnCode":1,"totalPageCount":0,"returnMsg":"业务执行成功","currentPageNumber":0}

[INFO] [3]
[14:32:19,748] [2018-01-11 14:32:19,747]
{"dataList":[],"totalRecordCount":0,"returnCode":1,"totalPageCount":0,"returnMsg":"业务执行成功","currentPageNumber":0}

[INFO] [3]
[14:41:47,155] [2018-01-11 14:41:45,582]
{"dataList":[{"orderId":"180111141804090679865941","orderName":"【Z】余姚市第四人民医院(H0281006药库)20180111141802","orderType":0,"orderRemarks":"","totalDetailCount":1,"orderDetailId":"180111141811914384587521","hospitalId":"1D590D0E-9208-41AD-BAF8-F3D5A860C0CD","hospitalDepartmentId":2014,"procurecatalogId":3421,"purchaseCount":600,"purchasePrice":3.120,"purchaseAmount":1872.000,"orderdetailState":9,"detailDistributeAddress":"余姚市第四人民医院","submitTime":1515651498000,"orderCustomInfo":null,"companyIdPs":null,"companyNamePs":null,"hospitalName":null},{"orderId":"180111141635517300340861","orderName":"【Z】余姚市第四人民医院(H0281006药库)20180111141633","orderType":0,"orderRemarks":"","totalDetailCount":1,"orderDetailId":"180111142808977106801771","hospitalId":"1D590D0E-9208-41AD-BAF8-F3D5A860C0CD","hospitalDepartmentId":2014,"procurecatalogId":3421,"purchaseCount":600,"purchasePrice":3.120,"purchaseAmount":1872.000,"orderdetailState":1,"detailDistributeAddress":"余姚市第四人民医院","submitTime":1515652094000,"orderCustomInfo":null,"companyIdPs":null,"companyNamePs":null,"hospitalName":null}],"totalRecordCount":2,"returnCode":1,"totalPageCount":1,"returnMsg":"业务执行成功","currentPageNumber":1}

[ERROR] [3]
[14:42:08,199] [2018-01-11 14:42:07,714]
Unexpected character encountered while parsing value: 1. Path 'dataList[0].submitTime', line 1, position 445.

[INFO] [3]
[14:45:59,275] [2018-01-11 14:45:59,267]
{"dataList":[{"orderId":"180111141804090679865941","orderName":"【Z】余姚市第四人民医院(H0281006药库)20180111141802","orderType":0,"orderRemarks":"","totalDetailCount":1,"orderDetailId":"180111141811914384587521","hospitalId":"1D590D0E-9208-41AD-BAF8-F3D5A860C0CD","hospitalDepartmentId":2014,"procurecatalogId":3421,"purchaseCount":600,"purchasePrice":3.120,"purchaseAmount":1872.000,"orderdetailState":9,"detailDistributeAddress":"余姚市第四人民医院","submitTime":1515651498000,"orderCustomInfo":null,"companyIdPs":null,"companyNamePs":null,"hospitalName":null},{"orderId":"180111141635517300340861","orderName":"【Z】余姚市第四人民医院(H0281006药库)20180111141633","orderType":0,"orderRemarks":"","totalDetailCount":1,"orderDetailId":"180111142808977106801771","hospitalId":"1D590D0E-9208-41AD-BAF8-F3D5A860C0CD","hospitalDepartmentId":2014,"procurecatalogId":3421,"purchaseCount":600,"purchasePrice":3.120,"purchaseAmount":1872.000,"orderdetailState":1,"detailDistributeAddress":"余姚市第四人民医院","submitTime":1515652094000,"orderCustomInfo":null,"companyIdPs":null,"companyNamePs":null,"hospitalName":null}],"totalRecordCount":2,"returnCode":1,"totalPageCount":1,"returnMsg":"业务执行成功","currentPageNumber":1}

[WARN] [3]
[14:45:59,644] [2018-01-11 14:45:59,644]
2018-01-10 - 2018-01-12 : 第1页/共1页 成功下载 2 条采购订单信息.【1】

[INFO] [3]
[14:45:59,790] [2018-01-11 14:45:59,790]
{"dataList":[{"orderId":"180111141804090679865941","orderName":"【Z】余姚市第四人民医院(H0281006药库)20180111141802","orderType":0,"orderRemarks":"","totalDetailCount":1,"orderDetailId":"180111141811914384587521","hospitalId":"1D590D0E-9208-41AD-BAF8-F3D5A860C0CD","hospitalDepartmentId":2014,"procurecatalogId":3421,"purchaseCount":600,"purchasePrice":3.120,"purchaseAmount":1872.000,"orderdetailState":9,"detailDistributeAddress":"余姚市第四人民医院","submitTime":1515651498000,"orderCustomInfo":null,"companyIdPs":null,"companyNamePs":null,"hospitalName":null},{"orderId":"180111141635517300340861","orderName":"【Z】余姚市第四人民医院(H0281006药库)20180111141633","orderType":0,"orderRemarks":"","totalDetailCount":1,"orderDetailId":"180111142808977106801771","hospitalId":"1D590D0E-9208-41AD-BAF8-F3D5A860C0CD","hospitalDepartmentId":2014,"procurecatalogId":3421,"purchaseCount":600,"purchasePrice":3.120,"purchaseAmount":1872.000,"orderdetailState":1,"detailDistributeAddress":"余姚市第四人民医院","submitTime":1515652094000,"orderCustomInfo":null,"companyIdPs":null,"companyNamePs":null,"hospitalName":null}],"totalRecordCount":2,"returnCode":1,"totalPageCount":1,"returnMsg":"业务执行成功","currentPageNumber":1}

[INFO] [3]
[15:44:23,314] [2018-01-11 15:44:23,309]
{"currentTime":"2018-01-11 15:44:32","returnCode":1,"accessToken":"b361a631-88ae-49a3-9aaf-5e58ee7922d8","expiresIn":1800,"returnMsg":"业务执行成功"}

[INFO] [3]
[15:47:23,534] [2018-01-11 15:47:21,087]
{"returnCode":7,"returnMsg":"业务执行失败","errorList":[{"orderDetailId":"180111141811914384587521","errorReasonList":[{"errorCode":5,"errorMsg":"数据状态不符【当前数据状态已不可阅读】"}]}]}

[INFO] [3]
[15:49:39,994] [2018-01-11 15:49:39,007]
{"returnCode":7,"returnMsg":"业务执行失败","errorList":[{"orderDetailId":"180111141811914384587521","errorReasonList":[{"errorCode":5,"errorMsg":"数据状态不符【当前数据状态已不可阅读】"}]}]}

[INFO] [3]
[16:15:32,160] [2018-01-11 16:15:32,153]
{"returnCode":7,"returnMsg":"业务执行失败","errorList":[{"orderDetailId":"180111141811914384587521","errorReasonList":[{"errorCode":5,"errorMsg":"数据状态不符【当前数据状态为[已撤单]已不可响应】"}]}]}

[INFO] [3]
[16:15:45,944] [2018-01-11 16:15:45,944]
{"returnCode":7,"returnMsg":"业务执行失败","errorList":[{"orderDetailId":"180111142808977106801771","errorReasonList":[{"errorCode":5,"errorMsg":"数据状态不符【当前数据状态为[已响应待配送]已不可响应】"}]}]}

[INFO] [3]
[16:18:28,477] [2018-01-11 16:18:28,472]
{"dataList":[{"orderId":"180111141804090679865941","orderName":"【Z】余姚市第四人民医院(H0281006药库)20180111141802","orderType":0,"orderRemarks":"","totalDetailCount":1,"orderDetailId":"180111141811914384587521","hospitalId":"1D590D0E-9208-41AD-BAF8-F3D5A860C0CD","hospitalDepartmentId":2014,"procurecatalogId":3421,"purchaseCount":600,"purchasePrice":3.120,"purchaseAmount":1872.000,"orderdetailState":9,"detailDistributeAddress":"余姚市第四人民医院","submitTime":1515651498000,"orderCustomInfo":null,"companyIdPs":null,"companyNamePs":null,"hospitalName":null},{"orderId":"180111141635517300340861","orderName":"【Z】余姚市第四人民医院(H0281006药库)20180111141633","orderType":0,"orderRemarks":"","totalDetailCount":1,"orderDetailId":"180111142808977106801771","hospitalId":"1D590D0E-9208-41AD-BAF8-F3D5A860C0CD","hospitalDepartmentId":2014,"procurecatalogId":3421,"purchaseCount":600,"purchasePrice":3.120,"purchaseAmount":1872.000,"orderdetailState":2,"detailDistributeAddress":"余姚市第四人民医院","submitTime":1515652094000,"orderCustomInfo":null,"companyIdPs":null,"companyNamePs":null,"hospitalName":null}],"totalRecordCount":2,"returnCode":1,"totalPageCount":1,"returnMsg":"业务执行成功","currentPageNumber":1}

[WARN] [3]
[16:18:28,702] [2018-01-11 16:18:28,702]
2018-01-10 - 2018-01-12 : 第1页/共1页 成功下载 2 条采购订单信息.【1】

[INFO] [3]
[16:18:28,861] [2018-01-11 16:18:28,861]
{"dataList":[{"orderId":"180111141804090679865941","orderName":"【Z】余姚市第四人民医院(H0281006药库)20180111141802","orderType":0,"orderRemarks":"","totalDetailCount":1,"orderDetailId":"180111141811914384587521","hospitalId":"1D590D0E-9208-41AD-BAF8-F3D5A860C0CD","hospitalDepartmentId":2014,"procurecatalogId":3421,"purchaseCount":600,"purchasePrice":3.120,"purchaseAmount":1872.000,"orderdetailState":9,"detailDistributeAddress":"余姚市第四人民医院","submitTime":1515651498000,"orderCustomInfo":null,"companyIdPs":null,"companyNamePs":null,"hospitalName":null},{"orderId":"180111141635517300340861","orderName":"【Z】余姚市第四人民医院(H0281006药库)20180111141633","orderType":0,"orderRemarks":"","totalDetailCount":1,"orderDetailId":"180111142808977106801771","hospitalId":"1D590D0E-9208-41AD-BAF8-F3D5A860C0CD","hospitalDepartmentId":2014,"procurecatalogId":3421,"purchaseCount":600,"purchasePrice":3.120,"purchaseAmount":1872.000,"orderdetailState":2,"detailDistributeAddress":"余姚市第四人民医院","submitTime":1515652094000,"orderCustomInfo":null,"companyIdPs":null,"companyNamePs":null,"hospitalName":null}],"totalRecordCount":2,"returnCode":1,"totalPageCount":1,"returnMsg":"业务执行成功","currentPageNumber":1}

[INFO] [3]
[16:24:57,190] [2018-01-11 16:24:57,183]
{"dataList":[{"orderId":"180111141804090679865941","orderName":"【Z】余姚市第四人民医院(H0281006药库)20180111141802","orderType":0,"orderRemarks":"","totalDetailCount":1,"orderDetailId":"180111141811914384587521","hospitalId":"1D590D0E-9208-41AD-BAF8-F3D5A860C0CD","hospitalDepartmentId":2014,"procurecatalogId":3421,"purchaseCount":600,"purchasePrice":3.120,"purchaseAmount":1872.000,"orderdetailState":9,"detailDistributeAddress":"余姚市第四人民医院","submitTime":1515651498000,"orderCustomInfo":null,"companyIdPs":null,"companyNamePs":null,"hospitalName":null},{"orderId":"180111141635517300340861","orderName":"【Z】余姚市第四人民医院(H0281006药库)20180111141633","orderType":0,"orderRemarks":"","totalDetailCount":1,"orderDetailId":"180111142808977106801771","hospitalId":"1D590D0E-9208-41AD-BAF8-F3D5A860C0CD","hospitalDepartmentId":2014,"procurecatalogId":3421,"purchaseCount":600,"purchasePrice":3.120,"purchaseAmount":1872.000,"orderdetailState":2,"detailDistributeAddress":"余姚市第四人民医院","submitTime":1515652094000,"orderCustomInfo":null,"companyIdPs":null,"companyNamePs":null,"hospitalName":null}],"totalRecordCount":2,"returnCode":1,"totalPageCount":1,"returnMsg":"业务执行成功","currentPageNumber":1}

[WARN] [3]
[16:24:57,599] [2018-01-11 16:24:57,598]
2018-01-10 - 2018-01-12 : 第1页/共1页 成功下载 2 条采购订单信息.【1】

[INFO] [3]
[16:24:57,775] [2018-01-11 16:24:57,775]
{"dataList":[{"orderId":"180111141804090679865941","orderName":"【Z】余姚市第四人民医院(H0281006药库)20180111141802","orderType":0,"orderRemarks":"","totalDetailCount":1,"orderDetailId":"180111141811914384587521","hospitalId":"1D590D0E-9208-41AD-BAF8-F3D5A860C0CD","hospitalDepartmentId":2014,"procurecatalogId":3421,"purchaseCount":600,"purchasePrice":3.120,"purchaseAmount":1872.000,"orderdetailState":9,"detailDistributeAddress":"余姚市第四人民医院","submitTime":1515651498000,"orderCustomInfo":null,"companyIdPs":null,"companyNamePs":null,"hospitalName":null},{"orderId":"180111141635517300340861","orderName":"【Z】余姚市第四人民医院(H0281006药库)20180111141633","orderType":0,"orderRemarks":"","totalDetailCount":1,"orderDetailId":"180111142808977106801771","hospitalId":"1D590D0E-9208-41AD-BAF8-F3D5A860C0CD","hospitalDepartmentId":2014,"procurecatalogId":3421,"purchaseCount":600,"purchasePrice":3.120,"purchaseAmount":1872.000,"orderdetailState":2,"detailDistributeAddress":"余姚市第四人民医院","submitTime":1515652094000,"orderCustomInfo":null,"companyIdPs":null,"companyNamePs":null,"hospitalName":null}],"totalRecordCount":2,"returnCode":1,"totalPageCount":1,"returnMsg":"业务执行成功","currentPageNumber":1}

[INFO] [3]
[18:05:26,192] [2018-01-11 18:05:26,192]
{"returnCode":"1","returnMsg":"OK"}

[INFO] [3]
[18:10:00,862] [2018-01-11 18:10:00,859]
{"dataList":"[]","returnCode":2,"returnMsg":"访问未授权，请得到授权后访问"}

[INFO] [3]
[18:10:01,325] [2018-01-11 18:10:01,325]
{"currentTime":"2018-01-11 18:10:09","returnCode":1,"accessToken":"e3ed50a5-ac35-45eb-9067-8bd6cbe6d900","expiresIn":1800,"returnMsg":"业务执行成功"}

[INFO] [3]
[18:10:01,495] [2018-01-11 18:10:01,495]
{"dataList":[{"orderId":"180111141804090679865941","orderName":"【Z】余姚市第四人民医院(H0281006药库)20180111141802","orderType":0,"orderRemarks":"","totalDetailCount":1,"orderDetailId":"180111141811914384587521","hospitalId":"1D590D0E-9208-41AD-BAF8-F3D5A860C0CD","hospitalDepartmentId":2014,"procurecatalogId":3421,"purchaseCount":600,"purchasePrice":3.120,"purchaseAmount":1872.000,"orderdetailState":9,"detailDistributeAddress":"余姚市第四人民医院","submitTime":1515651498000,"orderCustomInfo":null,"companyIdPs":null,"companyNamePs":null,"hospitalName":null},{"orderId":"180111141635517300340861","orderName":"【Z】余姚市第四人民医院(H0281006药库)20180111141633","orderType":0,"orderRemarks":"","totalDetailCount":1,"orderDetailId":"180111142808977106801771","hospitalId":"1D590D0E-9208-41AD-BAF8-F3D5A860C0CD","hospitalDepartmentId":2014,"procurecatalogId":3421,"purchaseCount":600,"purchasePrice":3.120,"purchaseAmount":1872.000,"orderdetailState":2,"detailDistributeAddress":"余姚市第四人民医院","submitTime":1515652094000,"orderCustomInfo":null,"companyIdPs":null,"companyNamePs":null,"hospitalName":null}],"totalRecordCount":2,"returnCode":1,"totalPageCount":1,"returnMsg":"业务执行成功","currentPageNumber":1}

[WARN] [3]
[18:10:01,562] [2018-01-11 18:10:01,562]
2018-01-01 - 2018-01-12 : 第1页/共1页 成功下载 2 条采购订单信息.【1】

[INFO] [3]
[18:10:01,695] [2018-01-11 18:10:01,695]
{"dataList":[{"orderId":"180111141804090679865941","orderName":"【Z】余姚市第四人民医院(H0281006药库)20180111141802","orderType":0,"orderRemarks":"","totalDetailCount":1,"orderDetailId":"180111141811914384587521","hospitalId":"1D590D0E-9208-41AD-BAF8-F3D5A860C0CD","hospitalDepartmentId":2014,"procurecatalogId":3421,"purchaseCount":600,"purchasePrice":3.120,"purchaseAmount":1872.000,"orderdetailState":9,"detailDistributeAddress":"余姚市第四人民医院","submitTime":1515651498000,"orderCustomInfo":null,"companyIdPs":null,"companyNamePs":null,"hospitalName":null},{"orderId":"180111141635517300340861","orderName":"【Z】余姚市第四人民医院(H0281006药库)20180111141633","orderType":0,"orderRemarks":"","totalDetailCount":1,"orderDetailId":"180111142808977106801771","hospitalId":"1D590D0E-9208-41AD-BAF8-F3D5A860C0CD","hospitalDepartmentId":2014,"procurecatalogId":3421,"purchaseCount":600,"purchasePrice":3.120,"purchaseAmount":1872.000,"orderdetailState":2,"detailDistributeAddress":"余姚市第四人民医院","submitTime":1515652094000,"orderCustomInfo":null,"companyIdPs":null,"companyNamePs":null,"hospitalName":null}],"totalRecordCount":2,"returnCode":1,"totalPageCount":1,"returnMsg":"业务执行成功","currentPageNumber":1}

[INFO] [3]
[21:13:21,852] [2018-01-11 21:13:21,847]
{"currentTime":"2018-01-11 21:13:29","returnCode":1,"accessToken":"81fa9547-d4d8-4fbf-934a-26deb42be740","expiresIn":1800,"returnMsg":"业务执行成功"}

[INFO] [3]
[21:21:55,839] [2018-01-11 21:21:55,838]
{"dataList":[{"orderId":"180111141804090679865941","orderName":"【Z】余姚市第四人民医院(H0281006药库)20180111141802","orderType":0,"orderRemarks":"","totalDetailCount":1,"orderDetailId":"180111141811914384587521","hospitalId":"1D590D0E-9208-41AD-BAF8-F3D5A860C0CD","hospitalDepartmentId":2014,"procurecatalogId":3421,"purchaseCount":600,"purchasePrice":3.120,"purchaseAmount":1872.000,"orderdetailState":9,"detailDistributeAddress":"余姚市第四人民医院","submitTime":1515651498000,"orderCustomInfo":null,"companyIdPs":null,"companyNamePs":null,"hospitalName":null},{"orderId":"180111141635517300340861","orderName":"【Z】余姚市第四人民医院(H0281006药库)20180111141633","orderType":0,"orderRemarks":"","totalDetailCount":1,"orderDetailId":"180111142808977106801771","hospitalId":"1D590D0E-9208-41AD-BAF8-F3D5A860C0CD","hospitalDepartmentId":2014,"procurecatalogId":3421,"purchaseCount":600,"purchasePrice":3.120,"purchaseAmount":1872.000,"orderdetailState":2,"detailDistributeAddress":"余姚市第四人民医院","submitTime":1515652094000,"orderCustomInfo":null,"companyIdPs":null,"companyNamePs":null,"hospitalName":null}],"totalRecordCount":2,"returnCode":1,"totalPageCount":1,"returnMsg":"业务执行成功","currentPageNumber":1}

[WARN] [3]
[21:21:55,996] [2018-01-11 21:21:55,996]
2018-01-10 - 2018-01-12 : 第1页/共1页 成功下载 2 条采购订单信息.【1】

[INFO] [3]
[21:21:57,725] [2018-01-11 21:21:57,725]
{"dataList":[{"orderId":"180111141804090679865941","orderName":"【Z】余姚市第四人民医院(H0281006药库)20180111141802","orderType":0,"orderRemarks":"","totalDetailCount":1,"orderDetailId":"180111141811914384587521","hospitalId":"1D590D0E-9208-41AD-BAF8-F3D5A860C0CD","hospitalDepartmentId":2014,"procurecatalogId":3421,"purchaseCount":600,"purchasePrice":3.120,"purchaseAmount":1872.000,"orderdetailState":9,"detailDistributeAddress":"余姚市第四人民医院","submitTime":1515651498000,"orderCustomInfo":null,"companyIdPs":null,"companyNamePs":null,"hospitalName":null},{"orderId":"180111141635517300340861","orderName":"【Z】余姚市第四人民医院(H0281006药库)20180111141633","orderType":0,"orderRemarks":"","totalDetailCount":1,"orderDetailId":"180111142808977106801771","hospitalId":"1D590D0E-9208-41AD-BAF8-F3D5A860C0CD","hospitalDepartmentId":2014,"procurecatalogId":3421,"purchaseCount":600,"purchasePrice":3.120,"purchaseAmount":1872.000,"orderdetailState":2,"detailDistributeAddress":"余姚市第四人民医院","submitTime":1515652094000,"orderCustomInfo":null,"companyIdPs":null,"companyNamePs":null,"hospitalName":null}],"totalRecordCount":2,"returnCode":1,"totalPageCount":1,"returnMsg":"业务执行成功","currentPageNumber":1}

[INFO] [3]
[21:24:54,066] [2018-01-11 21:24:54,061]
{"returnCode":7,"returnMsg":"业务执行失败","errorList":[{"orderDetailId":"180111141811914384587521","errorReasonList":[{"errorCode":5,"errorMsg":"数据状态不符【当前数据状态已不可阅读】"}]},{"orderDetailId":"180111142808977106801771","errorReasonList":[{"errorCode":5,"errorMsg":"数据状态不符【当前数据状态已不可阅读】"}]}]}

[WARN] [3]
[21:30:24,018] [2018-01-11 21:30:24,018]
2017-10 : 第1页/共32页 成功下载 20 条商品信息.【1】

[WARN] [3]
[21:30:40,293] [2018-01-11 21:30:40,293]
2017-10 : 第2页/共32页 成功下载 20 条商品信息.【1】

[WARN] [3]
[21:30:42,627] [2018-01-11 21:30:42,626]
2017-10 : 第3页/共32页 成功下载 20 条商品信息.【1】

[WARN] [3]
[21:30:43,026] [2018-01-11 21:30:43,025]
2017-10 : 第4页/共32页 成功下载 20 条商品信息.【1】

[WARN] [3]
[21:30:43,417] [2018-01-11 21:30:43,417]
2017-10 : 第5页/共32页 成功下载 20 条商品信息.【1】

[WARN] [3]
[21:30:43,802] [2018-01-11 21:30:43,802]
2017-10 : 第6页/共32页 成功下载 20 条商品信息.【1】

[WARN] [3]
[21:30:44,169] [2018-01-11 21:30:44,169]
2017-10 : 第7页/共32页 成功下载 20 条商品信息.【1】

[WARN] [3]
[21:30:44,547] [2018-01-11 21:30:44,547]
2017-10 : 第8页/共32页 成功下载 20 条商品信息.【1】

[WARN] [3]
[21:30:44,918] [2018-01-11 21:30:44,918]
2017-10 : 第9页/共32页 成功下载 20 条商品信息.【1】

[WARN] [3]
[21:30:45,324] [2018-01-11 21:30:45,324]
2017-10 : 第10页/共32页 成功下载 20 条商品信息.【1】

[WARN] [3]
[21:30:45,826] [2018-01-11 21:30:45,826]
2017-10 : 第11页/共32页 成功下载 20 条商品信息.【1】

[WARN] [3]
[21:30:46,221] [2018-01-11 21:30:46,221]
2017-10 : 第12页/共32页 成功下载 20 条商品信息.【1】

[WARN] [3]
[21:30:46,686] [2018-01-11 21:30:46,686]
2017-10 : 第13页/共32页 成功下载 20 条商品信息.【1】

[WARN] [3]
[21:30:47,054] [2018-01-11 21:30:47,054]
2017-10 : 第14页/共32页 成功下载 20 条商品信息.【1】

[WARN] [3]
[21:30:47,411] [2018-01-11 21:30:47,411]
2017-10 : 第15页/共32页 成功下载 20 条商品信息.【1】

[WARN] [3]
[21:30:47,766] [2018-01-11 21:30:47,766]
2017-10 : 第16页/共32页 成功下载 20 条商品信息.【1】

[WARN] [3]
[21:30:48,129] [2018-01-11 21:30:48,129]
2017-10 : 第17页/共32页 成功下载 20 条商品信息.【1】

[WARN] [3]
[21:30:48,498] [2018-01-11 21:30:48,498]
2017-10 : 第18页/共32页 成功下载 20 条商品信息.【1】

[WARN] [3]
[21:30:48,837] [2018-01-11 21:30:48,837]
2017-10 : 第19页/共32页 成功下载 20 条商品信息.【1】

[WARN] [3]
[21:30:49,206] [2018-01-11 21:30:49,205]
2017-10 : 第20页/共32页 成功下载 20 条商品信息.【1】

[WARN] [3]
[21:30:49,569] [2018-01-11 21:30:49,569]
2017-10 : 第21页/共32页 成功下载 20 条商品信息.【1】

[WARN] [3]
[21:30:49,935] [2018-01-11 21:30:49,935]
2017-10 : 第22页/共32页 成功下载 20 条商品信息.【1】

[WARN] [3]
[21:30:50,306] [2018-01-11 21:30:50,306]
2017-10 : 第23页/共32页 成功下载 20 条商品信息.【1】

[WARN] [3]
[21:30:50,689] [2018-01-11 21:30:50,689]
2017-10 : 第24页/共32页 成功下载 20 条商品信息.【1】

[WARN] [3]
[21:30:51,035] [2018-01-11 21:30:51,035]
2017-10 : 第25页/共32页 成功下载 20 条商品信息.【1】

[WARN] [3]
[21:30:51,387] [2018-01-11 21:30:51,387]
2017-10 : 第26页/共32页 成功下载 20 条商品信息.【1】

[WARN] [3]
[21:30:51,797] [2018-01-11 21:30:51,797]
2017-10 : 第27页/共32页 成功下载 20 条商品信息.【1】

[WARN] [3]
[21:30:52,177] [2018-01-11 21:30:52,177]
2017-10 : 第28页/共32页 成功下载 20 条商品信息.【1】

[WARN] [3]
[21:30:52,543] [2018-01-11 21:30:52,543]
2017-10 : 第29页/共32页 成功下载 20 条商品信息.【1】

[WARN] [3]
[21:30:52,908] [2018-01-11 21:30:52,908]
2017-10 : 第30页/共32页 成功下载 20 条商品信息.【1】

[WARN] [3]
[21:30:53,264] [2018-01-11 21:30:53,264]
2017-10 : 第31页/共32页 成功下载 20 条商品信息.【1】

[WARN] [3]
[21:30:53,602] [2018-01-11 21:30:53,602]
2017-10 : 第32页/共32页 成功下载 8 条商品信息.【1】

[WARN] [3]
[21:30:54,241] [2018-01-11 21:30:54,241]
2017-11 : 第1页/共4页 成功下载 20 条商品信息.【1】

[WARN] [3]
[21:30:54,557] [2018-01-11 21:30:54,557]
2017-11 : 第2页/共4页 成功下载 20 条商品信息.【1】

[WARN] [3]
[21:30:54,892] [2018-01-11 21:30:54,891]
2017-11 : 第3页/共4页 成功下载 20 条商品信息.【1】

[WARN] [3]
[21:30:55,211] [2018-01-11 21:30:55,211]
2017-11 : 第4页/共4页 成功下载 4 条商品信息.【1】
