
[ERROR] [3]
[15:32:37,932] [2018-03-14 15:32:37,930]
远程服务器返回错误: (502) 错误的网关。

[ERROR] [3]
[15:35:24,960] [2018-03-14 15:35:24,960]
远程服务器返回错误: (502) 错误的网关。

[WARN] [3]
[20:07:17,719] [2018-03-14 20:07:17,714]
2018-03-11 - 2018-03-14 : 第1页/共1页 成功下载 3 条采购订单信息.【1】

[WARN] [3]
[22:14:29,241] [2018-03-14 22:14:29,240]
2018-01 : 第1页/共1页 成功下载 1 条生产企业信息.【1】

[WARN] [3]
[22:14:29,906] [2018-03-14 22:14:29,906]
2018-02 : 第1页/共1页 成功下载 1 条生产企业信息.【1】

[WARN] [3]
[22:14:59,963] [2018-03-14 22:14:59,963]
2016-11 : 第1页/共147页 成功下载 20 条生产企业信息.【1】

[WARN] [3]
[22:15:01,284] [2018-03-14 22:15:01,284]
2016-11 : 第2页/共147页 成功下载 20 条生产企业信息.【1】

[WARN] [3]
[22:15:02,616] [2018-03-14 22:15:02,616]
2016-11 : 第3页/共147页 成功下载 20 条生产企业信息.【1】

[WARN] [3]
[22:15:03,972] [2018-03-14 22:15:03,971]
2016-11 : 第4页/共147页 成功下载 20 条生产企业信息.【1】

[WARN] [3]
[22:15:05,458] [2018-03-14 22:15:05,458]
2016-11 : 第5页/共147页 成功下载 20 条生产企业信息.【1】

[WARN] [3]
[22:15:06,812] [2018-03-14 22:15:06,812]
2016-11 : 第6页/共147页 成功下载 20 条生产企业信息.【1】

[WARN] [3]
[22:15:08,199] [2018-03-14 22:15:08,199]
2016-11 : 第7页/共147页 成功下载 20 条生产企业信息.【1】

[WARN] [3]
[22:15:09,521] [2018-03-14 22:15:09,521]
2016-11 : 第8页/共147页 成功下载 20 条生产企业信息.【1】

[WARN] [3]
[22:15:10,845] [2018-03-14 22:15:10,845]
2016-11 : 第9页/共147页 成功下载 20 条生产企业信息.【1】

[WARN] [3]
[22:15:12,157] [2018-03-14 22:15:12,157]
2016-11 : 第10页/共147页 成功下载 20 条生产企业信息.【1】

[WARN] [3]
[22:15:13,468] [2018-03-14 22:15:13,468]
2016-11 : 第11页/共147页 成功下载 20 条生产企业信息.【1】

[WARN] [3]
[22:15:14,798] [2018-03-14 22:15:14,798]
2016-11 : 第12页/共147页 成功下载 20 条生产企业信息.【1】

[WARN] [3]
[22:15:16,132] [2018-03-14 22:15:16,132]
2016-11 : 第13页/共147页 成功下载 20 条生产企业信息.【1】

[WARN] [3]
[22:15:17,465] [2018-03-14 22:15:17,465]
2016-11 : 第14页/共147页 成功下载 20 条生产企业信息.【1】

[WARN] [3]
[22:15:18,811] [2018-03-14 22:15:18,811]
2016-11 : 第15页/共147页 成功下载 20 条生产企业信息.【1】

[WARN] [3]
[22:15:20,132] [2018-03-14 22:15:20,132]
2016-11 : 第16页/共147页 成功下载 20 条生产企业信息.【1】

[WARN] [3]
[22:15:21,451] [2018-03-14 22:15:21,451]
2016-11 : 第17页/共147页 成功下载 20 条生产企业信息.【1】

[WARN] [3]
[22:15:22,776] [2018-03-14 22:15:22,776]
2016-11 : 第18页/共147页 成功下载 20 条生产企业信息.【1】

[WARN] [3]
[22:15:24,146] [2018-03-14 22:15:24,146]
2016-11 : 第19页/共147页 成功下载 20 条生产企业信息.【1】

[WARN] [3]
[22:15:25,465] [2018-03-14 22:15:25,465]
2016-11 : 第20页/共147页 成功下载 20 条生产企业信息.【1】

[WARN] [3]
[22:15:26,786] [2018-03-14 22:15:26,786]
2016-11 : 第21页/共147页 成功下载 20 条生产企业信息.【1】

[WARN] [3]
[22:15:28,136] [2018-03-14 22:15:28,136]
2016-11 : 第22页/共147页 成功下载 20 条生产企业信息.【1】

[WARN] [3]
[22:15:29,456] [2018-03-14 22:15:29,456]
2016-11 : 第23页/共147页 成功下载 20 条生产企业信息.【1】

[WARN] [3]
[22:15:30,787] [2018-03-14 22:15:30,787]
2016-11 : 第24页/共147页 成功下载 20 条生产企业信息.【1】

[WARN] [3]
[22:15:32,092] [2018-03-14 22:15:32,092]
2016-11 : 第25页/共147页 成功下载 20 条生产企业信息.【1】

[WARN] [3]
[22:15:33,535] [2018-03-14 22:15:33,535]
2016-11 : 第26页/共147页 成功下载 20 条生产企业信息.【1】
